<?xml version="1.0" encoding="UTF-8"?>
<!-- Generated by org.testng.reporters.JUnitXMLReporter -->
<testsuite hostname="macbookprojp-5.home" name="Default test(failed)(failed)(failed)(failed)(failed)(failed)(failed)(failed)" tests="1" failures="1" timestamp="30 Nov 2011 20:18:18 GMT" time="0.051" errors="0">
  <testcase name="float64bits" time="0.026" classname="ieee754.testSANE">
    <failure type="java.lang.NumberFormatException" message="For input string: &amp;quot;0x4000000000000000&amp;quot;">
      <![CDATA[java.lang.NumberFormatException: For input string: "0x4000000000000000"
	at java.lang.NumberFormatException.forInputString(NumberFormatException.java:48)
	at java.lang.Long.parseLong(Long.java:419)
	at java.lang.Long.valueOf(Long.java:525)
	at ieee754.testSANE.float64bits(testSANE.java:650)
... Removed 24 stack frames]]>
    </failure>
  </testcase>
</testsuite>
