<?xml version="1.0" encoding="UTF-8"?>
<!-- Generated by org.testng.reporters.JUnitXMLReporter -->
<testsuite hostname="macbookprojp-5.home" name="Default test" tests="44" failures="0" timestamp="18 Dec 2011 21:14:20 GMT" time="0.474" errors="0">
  <testcase name="float1" time="0.017" classname="ieee754.saneExtendedPrecision.testSANE"/>
  <testcase name="float11127" time="0.0030" classname="ieee754.saneExtendedPrecision.testSANE"/>
  <testcase name="float11127toBinaryString" time="0.0020" classname="ieee754.saneExtendedPrecision.testSANE"/>
  <testcase name="float2" time="0.0010" classname="ieee754.saneExtendedPrecision.testSANE"/>
  <testcase name="float22255" time="0.0010" classname="ieee754.saneExtendedPrecision.testSANE"/>
  <testcase name="float32000" time="0.0010" classname="ieee754.saneExtendedPrecision.testSANE"/>
  <testcase name="float44100" time="0.0010" classname="ieee754.saneExtendedPrecision.testSANE"/>
  <testcase name="float48000" time="0.0020" classname="ieee754.saneExtendedPrecision.testSANE"/>
  <testcase name="float8000" time="0.0010" classname="ieee754.saneExtendedPrecision.testSANE"/>
  <testcase name="floatHalf" time="0.0010" classname="ieee754.saneExtendedPrecision.testSANE"/>
  <testcase name="floatInfinity" time="0.0" classname="ieee754.saneExtendedPrecision.testSANE"/>
  <testcase name="floatMinus1" time="0.0010" classname="ieee754.saneExtendedPrecision.testSANE"/>
  <testcase name="floatMinus11127toBinaryString" time="0.046" classname="ieee754.saneExtendedPrecision.testSANE"/>
  <testcase name="floatMinus22255" time="0.0010" classname="ieee754.saneExtendedPrecision.testSANE"/>
  <testcase name="floatMinusInfinity" time="0.0010" classname="ieee754.saneExtendedPrecision.testSANE"/>
  <testcase name="floatNegativeNotaNumber" time="0.0020" classname="ieee754.saneExtendedPrecision.testSANE"/>
  <testcase name="floatNegativeZero" time="0.0010" classname="ieee754.saneExtendedPrecision.testSANE"/>
  <testcase name="floatNotaNumber" time="0.0010" classname="ieee754.saneExtendedPrecision.testSANE"/>
  <testcase name="floatPI" time="0.0" classname="ieee754.saneExtendedPrecision.testSANE"/>
  <testcase name="floatPositiveZero" time="0.0" classname="ieee754.saneExtendedPrecision.testSANE"/>
  <testcase name="floatThreeQuarter" time="0.0010" classname="ieee754.saneExtendedPrecision.testSANE"/>
  <testcase name="float_64bits0" time="0.0060" classname="ieee754.saneExtendedPrecision.testSANE"/>
  <testcase name="float_64bits01" time="0.0020" classname="ieee754.saneExtendedPrecision.testSANE"/>
  <testcase name="float_64bits1" time="0.0020" classname="ieee754.saneExtendedPrecision.testSANE"/>
  <testcase name="float_64bits16" time="0.0" classname="ieee754.saneExtendedPrecision.testSANE"/>
  <testcase name="float_64bits1to100" time="0.274" classname="ieee754.saneExtendedPrecision.testSANE"/>
  <testcase name="float_64bits2" time="0.0010" classname="ieee754.saneExtendedPrecision.testSANE"/>
  <testcase name="float_64bits3" time="0.0020" classname="ieee754.saneExtendedPrecision.testSANE"/>
  <testcase name="float_64bits4" time="0.0010" classname="ieee754.saneExtendedPrecision.testSANE"/>
  <testcase name="float_64bitsNaN" time="0.0010" classname="ieee754.saneExtendedPrecision.testSANE"/>
  <testcase name="float_64bitsPI" time="0.0020" classname="ieee754.saneExtendedPrecision.testSANE"/>
  <testcase name="toFloat1" time="0.0010" classname="ieee754.saneExtendedPrecision.testSANE"/>
  <testcase name="toFloat11127" time="0.0" classname="ieee754.saneExtendedPrecision.testSANE"/>
  <testcase name="toFloat11127Decoder" time="0.0" classname="ieee754.saneExtendedPrecision.testSANE"/>
  <testcase name="toFloat1point5" time="0.0" classname="ieee754.saneExtendedPrecision.testSANE"/>
  <testcase name="toFloat2" time="0.0010" classname="ieee754.saneExtendedPrecision.testSANE"/>
  <testcase name="toFloat48000" time="0.0" classname="ieee754.saneExtendedPrecision.testSANE"/>
  <testcase name="toFloat8000" time="0.0" classname="ieee754.saneExtendedPrecision.testSANE"/>
  <testcase name="toFloatInfinity" time="0.0010" classname="ieee754.saneExtendedPrecision.testSANE"/>
  <testcase name="toFloatMinus1" time="0.0010" classname="ieee754.saneExtendedPrecision.testSANE"/>
  <testcase name="toFloatMinus11127Decoder" time="0.0" classname="ieee754.saneExtendedPrecision.testSANE"/>
  <testcase name="toFloatNaN" time="0.0010" classname="ieee754.saneExtendedPrecision.testSANE"/>
  <testcase name="toFloatNegative48000" time="0.0010" classname="ieee754.saneExtendedPrecision.testSANE"/>
  <testcase name="toFloatNegativeInfinity" time="0.0" classname="ieee754.saneExtendedPrecision.testSANE"/>
</testsuite>
