<?xml version="1.0" encoding="UTF-8" ?>
<testsuite failures="0" time="0.318" errors="0" skipped="0" tests="44" name="TestSuite">
  <properties>
[...]
</properties>
  <testcase time="0.017" classname="org.sane80bits.converter.saneExtendedPrecision.tests.TestSane80bitsByteArrayToDouble" name="sane80bits2toSane80bitsDouble"/>
  <testcase time="0.001" classname="org.sane80bits.converter.saneExtendedPrecision.tests.TestSane80bitsByteArrayToDouble" name="sane80bitsByteArayThreeQuarterToDouble"/>
  <testcase time="0.001" classname="org.sane80bits.converter.saneExtendedPrecision.tests.TestSane80bitsByteArrayToDouble" name="sane80bitsByteArray11127toBinaryString"/>
  <testcase time="0" classname="org.sane80bits.converter.saneExtendedPrecision.tests.TestSane80bitsByteArrayToDouble" name="sane80bitsByteArray11127toDouble"/>
  <testcase time="0" classname="org.sane80bits.converter.saneExtendedPrecision.tests.TestSane80bitsByteArrayToDouble" name="sane80bitsByteArray1ToDouble"/>
  <testcase time="0.049" classname="org.sane80bits.converter.saneExtendedPrecision.tests.TestSane80bitsByteArrayToDouble" name="sane80bitsByteArray22255toDouble"/>
  <testcase time="0" classname="org.sane80bits.converter.saneExtendedPrecision.tests.TestSane80bitsByteArrayToDouble" name="sane80bitsByteArray32000toDouble"/>
  <testcase time="0.001" classname="org.sane80bits.converter.saneExtendedPrecision.tests.TestSane80bitsByteArrayToDouble" name="sane80bitsByteArray44100toDouble"/>
  <testcase time="0" classname="org.sane80bits.converter.saneExtendedPrecision.tests.TestSane80bitsByteArrayToDouble" name="sane80bitsByteArray48000toDouble"/>
  <testcase time="0" classname="org.sane80bits.converter.saneExtendedPrecision.tests.TestSane80bitsByteArrayToDouble" name="sane80bitsByteArray8000toDouble"/>
  <testcase time="0.001" classname="org.sane80bits.converter.saneExtendedPrecision.tests.TestSane80bitsByteArrayToDouble" name="sane80bitsByteArrayHalftoDouble"/>
  <testcase time="0" classname="org.sane80bits.converter.saneExtendedPrecision.tests.TestSane80bitsByteArrayToDouble" name="sane80bitsByteArrayInfinityToDouble"/>
  <testcase time="0" classname="org.sane80bits.converter.saneExtendedPrecision.tests.TestSane80bitsByteArrayToDouble" name="sane80bitsByteArrayMinus11127toBinaryString"/>
  <testcase time="0.001" classname="org.sane80bits.converter.saneExtendedPrecision.tests.TestSane80bitsByteArrayToDouble" name="sane80bitsByteArrayMinus1toDouble"/>
  <testcase time="0" classname="org.sane80bits.converter.saneExtendedPrecision.tests.TestSane80bitsByteArrayToDouble" name="sane80bitsByteArrayMinus22255"/>
  <testcase time="0.003" classname="org.sane80bits.converter.saneExtendedPrecision.tests.TestSane80bitsByteArrayToDouble" name="sane80bitsByteArrayMinusInfinityToDouble"/>
  <testcase time="0.019" classname="org.sane80bits.converter.saneExtendedPrecision.tests.TestSane80bitsByteArrayToDouble" name="sane80bitsByteArrayNegativeNotaNumberToDouble"/>
  <testcase time="0.005" classname="org.sane80bits.converter.saneExtendedPrecision.tests.TestSane80bitsByteArrayToDouble" name="sane80bitsByteArrayNegativeZeroToDouble"/>
  <testcase time="0.003" classname="org.sane80bits.converter.saneExtendedPrecision.tests.TestSane80bitsByteArrayToDouble" name="sane80bitsByteArrayNotaNumberToDouble"/>
  <testcase time="0.002" classname="org.sane80bits.converter.saneExtendedPrecision.tests.TestSane80bitsByteArrayToDouble" name="sane80bitsByteArrayPositiveZeroToDouble"/>
  <testcase time="0.002" classname="org.sane80bits.converter.saneExtendedPrecision.tests.TestNullConversion64bits" name="nullConversion64bits0"/>
  <testcase time="0.001" classname="org.sane80bits.converter.saneExtendedPrecision.tests.TestNullConversion64bits" name="nullConversion64bits0point1"/>
  <testcase time="0.002" classname="org.sane80bits.converter.saneExtendedPrecision.tests.TestNullConversion64bits" name="nullConversion64bits1"/>
  <testcase time="0" classname="org.sane80bits.converter.saneExtendedPrecision.tests.TestNullConversion64bits" name="nullConversion64bits16"/>
  <testcase time="0.181" classname="org.sane80bits.converter.saneExtendedPrecision.tests.TestNullConversion64bits" name="nullConversion64bits1to100"/>
  <testcase time="0" classname="org.sane80bits.converter.saneExtendedPrecision.tests.TestNullConversion64bits" name="nullConversion64bits2"/>
  <testcase time="0" classname="org.sane80bits.converter.saneExtendedPrecision.tests.TestNullConversion64bits" name="nullConversion64bits3"/>
  <testcase time="0" classname="org.sane80bits.converter.saneExtendedPrecision.tests.TestNullConversion64bits" name="nullConversion64bits4"/>
  <testcase time="0.001" classname="org.sane80bits.converter.saneExtendedPrecision.tests.TestNullConversion64bits" name="nullConversion64bitsNaN"/>
  <testcase time="0" classname="org.sane80bits.converter.saneExtendedPrecision.tests.TestNullConversion64bits" name="nullConversion64bitsPI"/>
  <testcase time="0" classname="org.sane80bits.converter.saneExtendedPrecision.tests.TestDoubleToSane80BitsByteArray" name="double0point1toByteArray"/>
  <testcase time="0" classname="org.sane80bits.converter.saneExtendedPrecision.tests.TestDoubleToSane80BitsByteArray" name="double11127toSane80bitsByteArray"/>
  <testcase time="0.001" classname="org.sane80bits.converter.saneExtendedPrecision.tests.TestDoubleToSane80BitsByteArray" name="double1point5toByteArray"/>
  <testcase time="0" classname="org.sane80bits.converter.saneExtendedPrecision.tests.TestDoubleToSane80BitsByteArray" name="double2toByteArray"/>
  <testcase time="0.025" classname="org.sane80bits.converter.saneExtendedPrecision.tests.TestDoubleToSane80BitsByteArray" name="double48000toSane80bitsByteArray"/>
  <testcase time="0.001" classname="org.sane80bits.converter.saneExtendedPrecision.tests.TestDoubleToSane80BitsByteArray" name="double8000toByteArray"/>
  <testcase time="0" classname="org.sane80bits.converter.saneExtendedPrecision.tests.TestDoubleToSane80BitsByteArray" name="doubleHalfToSane80bitsByteArray"/>
  <testcase time="0" classname="org.sane80bits.converter.saneExtendedPrecision.tests.TestDoubleToSane80BitsByteArray" name="doubleInfinityToSane80bitsByteArray"/>
  <testcase time="0" classname="org.sane80bits.converter.saneExtendedPrecision.tests.TestDoubleToSane80BitsByteArray" name="doubleMinus1toByteArray"/>
  <testcase time="0.001" classname="org.sane80bits.converter.saneExtendedPrecision.tests.TestDoubleToSane80BitsByteArray" name="doubleNaNtoSane80bitsByteArray"/>
  <testcase time="0" classname="org.sane80bits.converter.saneExtendedPrecision.tests.TestDoubleToSane80BitsByteArray" name="doubleNegative48000toSane80bitsByteArray"/>
  <testcase time="0" classname="org.sane80bits.converter.saneExtendedPrecision.tests.TestDoubleToSane80BitsByteArray" name="doubleNegativeInfinityToSane80bitsByteArray"/>
  <testcase time="0" classname="org.sane80bits.converter.saneExtendedPrecision.tests.TestDoubleToSane80BitsByteArray" name="doubleOneToSane80bitsByteArray"/>
  <testcase time="0" classname="org.sane80bits.converter.saneExtendedPrecision.tests.TestDoubleToSane80BitsByteArray" name="doubleTo11127toSane80bitsByteArray"/>
</testsuite>