<?xml version="1.0" encoding="UTF-8"?>
<testng-results skipped="0" failed="0" total="44" passed="44">
  <reporter-output>
    <line>
      <![CDATA[09 0x40]]>
    </line>
    <line>
      <![CDATA[08 0x00]]>
    </line>
    <line>
      <![CDATA[07 0x00]]>
    </line>
    <line>
      <![CDATA[06 0x00]]>
    </line>
    <line>
      <![CDATA[05 0x00]]>
    </line>
    <line>
      <![CDATA[04 0x00]]>
    </line>
    <line>
      <![CDATA[03 0x00]]>
    </line>
    <line>
      <![CDATA[02 0x00]]>
    </line>
    <line>
      <![CDATA[01 0x00]]>
    </line>
    <line>
      <![CDATA[00 0x00]]>
    </line>
    <line>
      <![CDATA[SANE 80 bits positive    true]]>
    </line>
    <line>
      <![CDATA[SANE 80 bits exponent    1]]>
    </line>
    <line>
      <![CDATA[SANE 80 bits significand 0.0]]>
    </line>
    <line>
      <![CDATA[SANE 80 bits => 2.0]]>
    </line>
    <line>
      <![CDATA[09 0x3f]]>
    </line>
    <line>
      <![CDATA[08 0xfe]]>
    </line>
    <line>
      <![CDATA[07 0xc0]]>
    </line>
    <line>
      <![CDATA[06 0x00]]>
    </line>
    <line>
      <![CDATA[05 0x00]]>
    </line>
    <line>
      <![CDATA[04 0x00]]>
    </line>
    <line>
      <![CDATA[03 0x00]]>
    </line>
    <line>
      <![CDATA[02 0x00]]>
    </line>
    <line>
      <![CDATA[01 0x00]]>
    </line>
    <line>
      <![CDATA[00 0x00]]>
    </line>
    <line>
      <![CDATA[SANE 80 bits positive    true]]>
    </line>
    <line>
      <![CDATA[SANE 80 bits exponent    -1]]>
    </line>
    <line>
      <![CDATA[SANE 80 bits significand 1.5]]>
    </line>
    <line>
      <![CDATA[SANE 80 bits => 0.75]]>
    </line>
    <line>
      <![CDATA[09 0x40]]>
    </line>
    <line>
      <![CDATA[08 0x0c]]>
    </line>
    <line>
      <![CDATA[07 0xad]]>
    </line>
    <line>
      <![CDATA[06 0xdc]]>
    </line>
    <line>
      <![CDATA[05 0x00]]>
    </line>
    <line>
      <![CDATA[04 0x00]]>
    </line>
    <line>
      <![CDATA[03 0x00]]>
    </line>
    <line>
      <![CDATA[02 0x00]]>
    </line>
    <line>
      <![CDATA[01 0x00]]>
    </line>
    <line>
      <![CDATA[00 0x00]]>
    </line>
    <line>
      <![CDATA[SANE 80 bits positive    true]]>
    </line>
    <line>
      <![CDATA[SANE 80 bits exponent    13]]>
    </line>
    <line>
      <![CDATA[SANE 80 bits significand 1.3582763671875]]>
    </line>
    <line>
      <![CDATA[SANE 80 bits => 11127.0]]>
    </line>
    <line>
      <![CDATA[80 bits BinaryString: 01000000000011001010110111011100000000000000000000000000000000000000000000000000]]>
    </line>
    <line>
      <![CDATA[09 0x40]]>
    </line>
    <line>
      <![CDATA[08 0x0c]]>
    </line>
    <line>
      <![CDATA[07 0xad]]>
    </line>
    <line>
      <![CDATA[06 0xdc]]>
    </line>
    <line>
      <![CDATA[05 0x00]]>
    </line>
    <line>
      <![CDATA[04 0x00]]>
    </line>
    <line>
      <![CDATA[03 0x00]]>
    </line>
    <line>
      <![CDATA[02 0x00]]>
    </line>
    <line>
      <![CDATA[01 0x00]]>
    </line>
    <line>
      <![CDATA[00 0x00]]>
    </line>
    <line>
      <![CDATA[SANE 80 bits positive    true]]>
    </line>
    <line>
      <![CDATA[SANE 80 bits exponent    13]]>
    </line>
    <line>
      <![CDATA[SANE 80 bits significand 1.3582763671875]]>
    </line>
    <line>
      <![CDATA[SANE 80 bits => 11127.0]]>
    </line>
    <line>
      <![CDATA[09 0x3f]]>
    </line>
    <line>
      <![CDATA[08 0xff]]>
    </line>
    <line>
      <![CDATA[07 0x80]]>
    </line>
    <line>
      <![CDATA[06 0x00]]>
    </line>
    <line>
      <![CDATA[05 0x00]]>
    </line>
    <line>
      <![CDATA[04 0x00]]>
    </line>
    <line>
      <![CDATA[03 0x00]]>
    </line>
    <line>
      <![CDATA[02 0x00]]>
    </line>
    <line>
      <![CDATA[01 0x00]]>
    </line>
    <line>
      <![CDATA[00 0x00]]>
    </line>
    <line>
      <![CDATA[SANE 80 bits positive    true]]>
    </line>
    <line>
      <![CDATA[SANE 80 bits exponent    0]]>
    </line>
    <line>
      <![CDATA[SANE 80 bits significand 1.0]]>
    </line>
    <line>
      <![CDATA[SANE 80 bits => 1.0]]>
    </line>
    <line>
      <![CDATA[09 0x40]]>
    </line>
    <line>
      <![CDATA[08 0x0d]]>
    </line>
    <line>
      <![CDATA[07 0xad]]>
    </line>
    <line>
      <![CDATA[06 0xde]]>
    </line>
    <line>
      <![CDATA[05 0x00]]>
    </line>
    <line>
      <![CDATA[04 0x00]]>
    </line>
    <line>
      <![CDATA[03 0x00]]>
    </line>
    <line>
      <![CDATA[02 0x00]]>
    </line>
    <line>
      <![CDATA[01 0x00]]>
    </line>
    <line>
      <![CDATA[00 0x00]]>
    </line>
    <line>
      <![CDATA[SANE 80 bits positive    true]]>
    </line>
    <line>
      <![CDATA[SANE 80 bits exponent    14]]>
    </line>
    <line>
      <![CDATA[SANE 80 bits significand 1.35833740234375]]>
    </line>
    <line>
      <![CDATA[SANE 80 bits => 22255.0]]>
    </line>
    <line>
      <![CDATA[09 0x40]]>
    </line>
    <line>
      <![CDATA[08 0x0d]]>
    </line>
    <line>
      <![CDATA[07 0xfa]]>
    </line>
    <line>
      <![CDATA[06 0x00]]>
    </line>
    <line>
      <![CDATA[05 0x00]]>
    </line>
    <line>
      <![CDATA[04 0x00]]>
    </line>
    <line>
      <![CDATA[03 0x00]]>
    </line>
    <line>
      <![CDATA[02 0x00]]>
    </line>
    <line>
      <![CDATA[01 0x00]]>
    </line>
    <line>
      <![CDATA[00 0x00]]>
    </line>
    <line>
      <![CDATA[SANE 80 bits positive    true]]>
    </line>
    <line>
      <![CDATA[SANE 80 bits exponent    14]]>
    </line>
    <line>
      <![CDATA[SANE 80 bits significand 1.953125]]>
    </line>
    <line>
      <![CDATA[SANE 80 bits => 32000.0]]>
    </line>
    <line>
      <![CDATA[09 0x40]]>
    </line>
    <line>
      <![CDATA[08 0x0e]]>
    </line>
    <line>
      <![CDATA[07 0xac]]>
    </line>
    <line>
      <![CDATA[06 0x44]]>
    </line>
    <line>
      <![CDATA[05 0x00]]>
    </line>
    <line>
      <![CDATA[04 0x00]]>
    </line>
    <line>
      <![CDATA[03 0x00]]>
    </line>
    <line>
      <![CDATA[02 0x00]]>
    </line>
    <line>
      <![CDATA[01 0x00]]>
    </line>
    <line>
      <![CDATA[00 0x00]]>
    </line>
    <line>
      <![CDATA[SANE 80 bits positive    true]]>
    </line>
    <line>
      <![CDATA[SANE 80 bits exponent    15]]>
    </line>
    <line>
      <![CDATA[SANE 80 bits significand 1.3458251953125]]>
    </line>
    <line>
      <![CDATA[SANE 80 bits => 44100.0]]>
    </line>
    <line>
      <![CDATA[09 0x40]]>
    </line>
    <line>
      <![CDATA[08 0x0e]]>
    </line>
    <line>
      <![CDATA[07 0xbb]]>
    </line>
    <line>
      <![CDATA[06 0x80]]>
    </line>
    <line>
      <![CDATA[05 0x00]]>
    </line>
    <line>
      <![CDATA[04 0x00]]>
    </line>
    <line>
      <![CDATA[03 0x00]]>
    </line>
    <line>
      <![CDATA[02 0x00]]>
    </line>
    <line>
      <![CDATA[01 0x00]]>
    </line>
    <line>
      <![CDATA[00 0x00]]>
    </line>
    <line>
      <![CDATA[SANE 80 bits positive    true]]>
    </line>
    <line>
      <![CDATA[SANE 80 bits exponent    15]]>
    </line>
    <line>
      <![CDATA[SANE 80 bits significand 1.46484375]]>
    </line>
    <line>
      <![CDATA[SANE 80 bits => 48000.0]]>
    </line>
    <line>
      <![CDATA[09 0x40]]>
    </line>
    <line>
      <![CDATA[08 0x0b]]>
    </line>
    <line>
      <![CDATA[07 0xfa]]>
    </line>
    <line>
      <![CDATA[06 0x00]]>
    </line>
    <line>
      <![CDATA[05 0x00]]>
    </line>
    <line>
      <![CDATA[04 0x00]]>
    </line>
    <line>
      <![CDATA[03 0x00]]>
    </line>
    <line>
      <![CDATA[02 0x00]]>
    </line>
    <line>
      <![CDATA[01 0x00]]>
    </line>
    <line>
      <![CDATA[00 0x00]]>
    </line>
    <line>
      <![CDATA[SANE 80 bits positive    true]]>
    </line>
    <line>
      <![CDATA[SANE 80 bits exponent    12]]>
    </line>
    <line>
      <![CDATA[SANE 80 bits significand 1.953125]]>
    </line>
    <line>
      <![CDATA[SANE 80 bits => 8000.0]]>
    </line>
    <line>
      <![CDATA[09 0x3f]]>
    </line>
    <line>
      <![CDATA[08 0xfe]]>
    </line>
    <line>
      <![CDATA[07 0x80]]>
    </line>
    <line>
      <![CDATA[06 0x00]]>
    </line>
    <line>
      <![CDATA[05 0x00]]>
    </line>
    <line>
      <![CDATA[04 0x00]]>
    </line>
    <line>
      <![CDATA[03 0x00]]>
    </line>
    <line>
      <![CDATA[02 0x00]]>
    </line>
    <line>
      <![CDATA[01 0x00]]>
    </line>
    <line>
      <![CDATA[00 0x00]]>
    </line>
    <line>
      <![CDATA[SANE 80 bits positive    true]]>
    </line>
    <line>
      <![CDATA[SANE 80 bits exponent    -1]]>
    </line>
    <line>
      <![CDATA[SANE 80 bits significand 1.0]]>
    </line>
    <line>
      <![CDATA[SANE 80 bits => 0.5]]>
    </line>
    <line>
      <![CDATA[09 0x7f]]>
    </line>
    <line>
      <![CDATA[08 0xff]]>
    </line>
    <line>
      <![CDATA[07 0x00]]>
    </line>
    <line>
      <![CDATA[06 0x00]]>
    </line>
    <line>
      <![CDATA[05 0x00]]>
    </line>
    <line>
      <![CDATA[04 0x00]]>
    </line>
    <line>
      <![CDATA[03 0x00]]>
    </line>
    <line>
      <![CDATA[02 0x00]]>
    </line>
    <line>
      <![CDATA[01 0x00]]>
    </line>
    <line>
      <![CDATA[00 0x00]]>
    </line>
    <line>
      <![CDATA[SANE 80 bits positive    true]]>
    </line>
    <line>
      <![CDATA[SANE 80 bits exponent    2147483647]]>
    </line>
    <line>
      <![CDATA[SANE 80 bits significand 0.0]]>
    </line>
    <line>
      <![CDATA[SANE 80 bits => Infinity]]>
    </line>
    <line>
      <![CDATA[09 0xc0]]>
    </line>
    <line>
      <![CDATA[08 0x0c]]>
    </line>
    <line>
      <![CDATA[07 0xad]]>
    </line>
    <line>
      <![CDATA[06 0xdc]]>
    </line>
    <line>
      <![CDATA[05 0x00]]>
    </line>
    <line>
      <![CDATA[04 0x00]]>
    </line>
    <line>
      <![CDATA[03 0x00]]>
    </line>
    <line>
      <![CDATA[02 0x00]]>
    </line>
    <line>
      <![CDATA[01 0x00]]>
    </line>
    <line>
      <![CDATA[00 0x00]]>
    </line>
    <line>
      <![CDATA[SANE 80 bits positive    false]]>
    </line>
    <line>
      <![CDATA[SANE 80 bits exponent    13]]>
    </line>
    <line>
      <![CDATA[SANE 80 bits significand 1.3582763671875]]>
    </line>
    <line>
      <![CDATA[SANE 80 bits => -11127.0]]>
    </line>
    <line>
      <![CDATA[80 bits BinaryString: 11000000000011001010110111011100000000000000000000000000000000000000000000000000]]>
    </line>
    <line>
      <![CDATA[09 0xbf]]>
    </line>
    <line>
      <![CDATA[08 0xff]]>
    </line>
    <line>
      <![CDATA[07 0x80]]>
    </line>
    <line>
      <![CDATA[06 0x00]]>
    </line>
    <line>
      <![CDATA[05 0x00]]>
    </line>
    <line>
      <![CDATA[04 0x00]]>
    </line>
    <line>
      <![CDATA[03 0x00]]>
    </line>
    <line>
      <![CDATA[02 0x00]]>
    </line>
    <line>
      <![CDATA[01 0x00]]>
    </line>
    <line>
      <![CDATA[00 0x00]]>
    </line>
    <line>
      <![CDATA[SANE 80 bits positive    false]]>
    </line>
    <line>
      <![CDATA[SANE 80 bits exponent    0]]>
    </line>
    <line>
      <![CDATA[SANE 80 bits significand 1.0]]>
    </line>
    <line>
      <![CDATA[SANE 80 bits => -1.0]]>
    </line>
    <line>
      <![CDATA[09 0xc0]]>
    </line>
    <line>
      <![CDATA[08 0x0d]]>
    </line>
    <line>
      <![CDATA[07 0xad]]>
    </line>
    <line>
      <![CDATA[06 0xde]]>
    </line>
    <line>
      <![CDATA[05 0x00]]>
    </line>
    <line>
      <![CDATA[04 0x00]]>
    </line>
    <line>
      <![CDATA[03 0x00]]>
    </line>
    <line>
      <![CDATA[02 0x00]]>
    </line>
    <line>
      <![CDATA[01 0x00]]>
    </line>
    <line>
      <![CDATA[00 0x00]]>
    </line>
    <line>
      <![CDATA[SANE 80 bits positive    false]]>
    </line>
    <line>
      <![CDATA[SANE 80 bits exponent    14]]>
    </line>
    <line>
      <![CDATA[SANE 80 bits significand 1.35833740234375]]>
    </line>
    <line>
      <![CDATA[SANE 80 bits => -22255.0]]>
    </line>
    <line>
      <![CDATA[09 0xff]]>
    </line>
    <line>
      <![CDATA[08 0xff]]>
    </line>
    <line>
      <![CDATA[07 0x00]]>
    </line>
    <line>
      <![CDATA[06 0x00]]>
    </line>
    <line>
      <![CDATA[05 0x00]]>
    </line>
    <line>
      <![CDATA[04 0x00]]>
    </line>
    <line>
      <![CDATA[03 0x00]]>
    </line>
    <line>
      <![CDATA[02 0x00]]>
    </line>
    <line>
      <![CDATA[01 0x00]]>
    </line>
    <line>
      <![CDATA[00 0x00]]>
    </line>
    <line>
      <![CDATA[SANE 80 bits positive    false]]>
    </line>
    <line>
      <![CDATA[SANE 80 bits exponent    2147483647]]>
    </line>
    <line>
      <![CDATA[SANE 80 bits significand 0.0]]>
    </line>
    <line>
      <![CDATA[SANE 80 bits => -Infinity]]>
    </line>
    <line>
      <![CDATA[09 0xff]]>
    </line>
    <line>
      <![CDATA[08 0xff]]>
    </line>
    <line>
      <![CDATA[07 0x00]]>
    </line>
    <line>
      <![CDATA[06 0x00]]>
    </line>
    <line>
      <![CDATA[05 0x00]]>
    </line>
    <line>
      <![CDATA[04 0x00]]>
    </line>
    <line>
      <![CDATA[03 0x00]]>
    </line>
    <line>
      <![CDATA[02 0x00]]>
    </line>
    <line>
      <![CDATA[01 0x00]]>
    </line>
    <line>
      <![CDATA[00 0x01]]>
    </line>
    <line>
      <![CDATA[SANE 80 bits positive    false]]>
    </line>
    <line>
      <![CDATA[SANE 80 bits exponent    2147483647]]>
    </line>
    <line>
      <![CDATA[SANE 80 bits significand 1.0842021724855044E-19]]>
    </line>
    <line>
      <![CDATA[SANE 80 bits => NaN]]>
    </line>
    <line>
      <![CDATA[09 0x80]]>
    </line>
    <line>
      <![CDATA[08 0x00]]>
    </line>
    <line>
      <![CDATA[07 0x00]]>
    </line>
    <line>
      <![CDATA[06 0x00]]>
    </line>
    <line>
      <![CDATA[05 0x00]]>
    </line>
    <line>
      <![CDATA[04 0x00]]>
    </line>
    <line>
      <![CDATA[03 0x00]]>
    </line>
    <line>
      <![CDATA[02 0x00]]>
    </line>
    <line>
      <![CDATA[01 0x00]]>
    </line>
    <line>
      <![CDATA[00 0x00]]>
    </line>
    <line>
      <![CDATA[SANE 80 bits positive    false]]>
    </line>
    <line>
      <![CDATA[SANE 80 bits exponent    0]]>
    </line>
    <line>
      <![CDATA[SANE 80 bits significand 0.0]]>
    </line>
    <line>
      <![CDATA[SANE 80 bits => 0.0]]>
    </line>
    <line>
      <![CDATA[09 0x7f]]>
    </line>
    <line>
      <![CDATA[08 0xff]]>
    </line>
    <line>
      <![CDATA[07 0x00]]>
    </line>
    <line>
      <![CDATA[06 0x00]]>
    </line>
    <line>
      <![CDATA[05 0x00]]>
    </line>
    <line>
      <![CDATA[04 0x00]]>
    </line>
    <line>
      <![CDATA[03 0x00]]>
    </line>
    <line>
      <![CDATA[02 0x00]]>
    </line>
    <line>
      <![CDATA[01 0x00]]>
    </line>
    <line>
      <![CDATA[00 0x01]]>
    </line>
    <line>
      <![CDATA[SANE 80 bits positive    true]]>
    </line>
    <line>
      <![CDATA[SANE 80 bits exponent    2147483647]]>
    </line>
    <line>
      <![CDATA[SANE 80 bits significand 1.0842021724855044E-19]]>
    </line>
    <line>
      <![CDATA[SANE 80 bits => NaN]]>
    </line>
    <line>
      <![CDATA[09 0x00]]>
    </line>
    <line>
      <![CDATA[08 0x00]]>
    </line>
    <line>
      <![CDATA[07 0x00]]>
    </line>
    <line>
      <![CDATA[06 0x00]]>
    </line>
    <line>
      <![CDATA[05 0x00]]>
    </line>
    <line>
      <![CDATA[04 0x00]]>
    </line>
    <line>
      <![CDATA[03 0x00]]>
    </line>
    <line>
      <![CDATA[02 0x00]]>
    </line>
    <line>
      <![CDATA[01 0x00]]>
    </line>
    <line>
      <![CDATA[00 0x00]]>
    </line>
    <line>
      <![CDATA[SANE 80 bits positive    true]]>
    </line>
    <line>
      <![CDATA[SANE 80 bits exponent    0]]>
    </line>
    <line>
      <![CDATA[SANE 80 bits significand 0.0]]>
    </line>
    <line>
      <![CDATA[SANE 80 bits => 0.0]]>
    </line>
    <line>
      <![CDATA[07 0x00]]>
    </line>
    <line>
      <![CDATA[06 0x00]]>
    </line>
    <line>
      <![CDATA[05 0x00]]>
    </line>
    <line>
      <![CDATA[04 0x00]]>
    </line>
    <line>
      <![CDATA[03 0x00]]>
    </line>
    <line>
      <![CDATA[02 0x00]]>
    </line>
    <line>
      <![CDATA[01 0x00]]>
    </line>
    <line>
      <![CDATA[00 0x00]]>
    </line>
    <line>
      <![CDATA[SANE 80 bits positive    true]]>
    </line>
    <line>
      <![CDATA[SANE 80 bits exponent    0]]>
    </line>
    <line>
      <![CDATA[SANE 80 bits significand 0.0]]>
    </line>
    <line>
      <![CDATA[SANE  64 bits =>         0.0]]>
    </line>
    <line>
      <![CDATA[07 0x3f]]>
    </line>
    <line>
      <![CDATA[06 0xb9]]>
    </line>
    <line>
      <![CDATA[05 0x99]]>
    </line>
    <line>
      <![CDATA[04 0x99]]>
    </line>
    <line>
      <![CDATA[03 0x99]]>
    </line>
    <line>
      <![CDATA[02 0x99]]>
    </line>
    <line>
      <![CDATA[01 0x99]]>
    </line>
    <line>
      <![CDATA[00 0x9a]]>
    </line>
    <line>
      <![CDATA[SANE 80 bits positive    true]]>
    </line>
    <line>
      <![CDATA[SANE 80 bits exponent    -4]]>
    </line>
    <line>
      <![CDATA[SANE 80 bits significand 1.6]]>
    </line>
    <line>
      <![CDATA[SANE  64 bits =>         0.1]]>
    </line>
    <line>
      <![CDATA[07 0x3f]]>
    </line>
    <line>
      <![CDATA[06 0xf0]]>
    </line>
    <line>
      <![CDATA[05 0x00]]>
    </line>
    <line>
      <![CDATA[04 0x00]]>
    </line>
    <line>
      <![CDATA[03 0x00]]>
    </line>
    <line>
      <![CDATA[02 0x00]]>
    </line>
    <line>
      <![CDATA[01 0x00]]>
    </line>
    <line>
      <![CDATA[00 0x00]]>
    </line>
    <line>
      <![CDATA[SANE 80 bits positive    true]]>
    </line>
    <line>
      <![CDATA[SANE 80 bits exponent    0]]>
    </line>
    <line>
      <![CDATA[SANE 80 bits significand 1.0]]>
    </line>
    <line>
      <![CDATA[SANE  64 bits =>         1.0]]>
    </line>
    <line>
      <![CDATA[SANE 80 bits positive    true]]>
    </line>
    <line>
      <![CDATA[SANE 80 bits exponent    4]]>
    </line>
    <line>
      <![CDATA[SANE 80 bits significand 1.0]]>
    </line>
    <line>
      <![CDATA[SANE  64 bits =>         16.0]]>
    </line>
    <line>
      <![CDATA[07 0x3f]]>
    </line>
    <line>
      <![CDATA[06 0xf0]]>
    </line>
    <line>
      <![CDATA[05 0x00]]>
    </line>
    <line>
      <![CDATA[04 0x00]]>
    </line>
    <line>
      <![CDATA[03 0x00]]>
    </line>
    <line>
      <![CDATA[02 0x00]]>
    </line>
    <line>
      <![CDATA[01 0x00]]>
    </line>
    <line>
      <![CDATA[00 0x00]]>
    </line>
    <line>
      <![CDATA[SANE 80 bits positive    true]]>
    </line>
    <line>
      <![CDATA[SANE 80 bits exponent    0]]>
    </line>
    <line>
      <![CDATA[SANE 80 bits significand 1.0]]>
    </line>
    <line>
      <![CDATA[SANE  64 bits =>         1.0]]>
    </line>
    <line>
      <![CDATA[07 0x40]]>
    </line>
    <line>
      <![CDATA[06 0x00]]>
    </line>
    <line>
      <![CDATA[05 0x00]]>
    </line>
    <line>
      <![CDATA[04 0x00]]>
    </line>
    <line>
      <![CDATA[03 0x00]]>
    </line>
    <line>
      <![CDATA[02 0x00]]>
    </line>
    <line>
      <![CDATA[01 0x00]]>
    </line>
    <line>
      <![CDATA[00 0x00]]>
    </line>
    <line>
      <![CDATA[SANE 80 bits positive    true]]>
    </line>
    <line>
      <![CDATA[SANE 80 bits exponent    1]]>
    </line>
    <line>
      <![CDATA[SANE 80 bits significand 1.0]]>
    </line>
    <line>
      <![CDATA[SANE  64 bits =>         2.0]]>
    </line>
    <line>
      <![CDATA[07 0x40]]>
    </line>
    <line>
      <![CDATA[06 0x08]]>
    </line>
    <line>
      <![CDATA[05 0x00]]>
    </line>
    <line>
      <![CDATA[04 0x00]]>
    </line>
    <line>
      <![CDATA[03 0x00]]>
    </line>
    <line>
      <![CDATA[02 0x00]]>
    </line>
    <line>
      <![CDATA[01 0x00]]>
    </line>
    <line>
      <![CDATA[00 0x00]]>
    </line>
    <line>
      <![CDATA[SANE 80 bits positive    true]]>
    </line>
    <line>
      <![CDATA[SANE 80 bits exponent    1]]>
    </line>
    <line>
      <![CDATA[SANE 80 bits significand 1.5]]>
    </line>
    <line>
      <![CDATA[SANE  64 bits =>         3.0]]>
    </line>
    <line>
      <![CDATA[07 0x40]]>
    </line>
    <line>
      <![CDATA[06 0x10]]>
    </line>
    <line>
      <![CDATA[05 0x00]]>
    </line>
    <line>
      <![CDATA[04 0x00]]>
    </line>
    <line>
      <![CDATA[03 0x00]]>
    </line>
    <line>
      <![CDATA[02 0x00]]>
    </line>
    <line>
      <![CDATA[01 0x00]]>
    </line>
    <line>
      <![CDATA[00 0x00]]>
    </line>
    <line>
      <![CDATA[SANE 80 bits positive    true]]>
    </line>
    <line>
      <![CDATA[SANE 80 bits exponent    2]]>
    </line>
    <line>
      <![CDATA[SANE 80 bits significand 1.0]]>
    </line>
    <line>
      <![CDATA[SANE  64 bits =>         4.0]]>
    </line>
    <line>
      <![CDATA[07 0x40]]>
    </line>
    <line>
      <![CDATA[06 0x14]]>
    </line>
    <line>
      <![CDATA[05 0x00]]>
    </line>
    <line>
      <![CDATA[04 0x00]]>
    </line>
    <line>
      <![CDATA[03 0x00]]>
    </line>
    <line>
      <![CDATA[02 0x00]]>
    </line>
    <line>
      <![CDATA[01 0x00]]>
    </line>
    <line>
      <![CDATA[00 0x00]]>
    </line>
    <line>
      <![CDATA[SANE 80 bits positive    true]]>
    </line>
    <line>
      <![CDATA[SANE 80 bits exponent    2]]>
    </line>
    <line>
      <![CDATA[SANE 80 bits significand 1.25]]>
    </line>
    <line>
      <![CDATA[SANE  64 bits =>         5.0]]>
    </line>
    <line>
      <![CDATA[07 0x40]]>
    </line>
    <line>
      <![CDATA[06 0x18]]>
    </line>
    <line>
      <![CDATA[05 0x00]]>
    </line>
    <line>
      <![CDATA[04 0x00]]>
    </line>
    <line>
      <![CDATA[03 0x00]]>
    </line>
    <line>
      <![CDATA[02 0x00]]>
    </line>
    <line>
      <![CDATA[01 0x00]]>
    </line>
    <line>
      <![CDATA[00 0x00]]>
    </line>
    <line>
      <![CDATA[SANE 80 bits positive    true]]>
    </line>
    <line>
      <![CDATA[SANE 80 bits exponent    2]]>
    </line>
    <line>
      <![CDATA[SANE 80 bits significand 1.5]]>
    </line>
    <line>
      <![CDATA[SANE  64 bits =>         6.0]]>
    </line>
    <line>
      <![CDATA[07 0x40]]>
    </line>
    <line>
      <![CDATA[06 0x1c]]>
    </line>
    <line>
      <![CDATA[05 0x00]]>
    </line>
    <line>
      <![CDATA[04 0x00]]>
    </line>
    <line>
      <![CDATA[03 0x00]]>
    </line>
    <line>
      <![CDATA[02 0x00]]>
    </line>
    <line>
      <![CDATA[01 0x00]]>
    </line>
    <line>
      <![CDATA[00 0x00]]>
    </line>
    <line>
      <![CDATA[SANE 80 bits positive    true]]>
    </line>
    <line>
      <![CDATA[SANE 80 bits exponent    2]]>
    </line>
    <line>
      <![CDATA[SANE 80 bits significand 1.75]]>
    </line>
    <line>
      <![CDATA[SANE  64 bits =>         7.0]]>
    </line>
    <line>
      <![CDATA[07 0x40]]>
    </line>
    <line>
      <![CDATA[06 0x20]]>
    </line>
    <line>
      <![CDATA[05 0x00]]>
    </line>
    <line>
      <![CDATA[04 0x00]]>
    </line>
    <line>
      <![CDATA[03 0x00]]>
    </line>
    <line>
      <![CDATA[02 0x00]]>
    </line>
    <line>
      <![CDATA[01 0x00]]>
    </line>
    <line>
      <![CDATA[00 0x00]]>
    </line>
    <line>
      <![CDATA[SANE 80 bits positive    true]]>
    </line>
    <line>
      <![CDATA[SANE 80 bits exponent    3]]>
    </line>
    <line>
      <![CDATA[SANE 80 bits significand 1.0]]>
    </line>
    <line>
      <![CDATA[SANE  64 bits =>         8.0]]>
    </line>
    <line>
      <![CDATA[07 0x40]]>
    </line>
    <line>
      <![CDATA[06 0x22]]>
    </line>
    <line>
      <![CDATA[05 0x00]]>
    </line>
    <line>
      <![CDATA[04 0x00]]>
    </line>
    <line>
      <![CDATA[03 0x00]]>
    </line>
    <line>
      <![CDATA[02 0x00]]>
    </line>
    <line>
      <![CDATA[01 0x00]]>
    </line>
    <line>
      <![CDATA[00 0x00]]>
    </line>
    <line>
      <![CDATA[SANE 80 bits positive    true]]>
    </line>
    <line>
      <![CDATA[SANE 80 bits exponent    3]]>
    </line>
    <line>
      <![CDATA[SANE 80 bits significand 1.125]]>
    </line>
    <line>
      <![CDATA[SANE  64 bits =>         9.0]]>
    </line>
    <line>
      <![CDATA[07 0x40]]>
    </line>
    <line>
      <![CDATA[06 0x24]]>
    </line>
    <line>
      <![CDATA[05 0x00]]>
    </line>
    <line>
      <![CDATA[04 0x00]]>
    </line>
    <line>
      <![CDATA[03 0x00]]>
    </line>
    <line>
      <![CDATA[02 0x00]]>
    </line>
    <line>
      <![CDATA[01 0x00]]>
    </line>
    <line>
      <![CDATA[00 0x00]]>
    </line>
    <line>
      <![CDATA[SANE 80 bits positive    true]]>
    </line>
    <line>
      <![CDATA[SANE 80 bits exponent    3]]>
    </line>
    <line>
      <![CDATA[SANE 80 bits significand 1.25]]>
    </line>
    <line>
      <![CDATA[SANE  64 bits =>         10.0]]>
    </line>
    <line>
      <![CDATA[07 0x40]]>
    </line>
    <line>
      <![CDATA[06 0x26]]>
    </line>
    <line>
      <![CDATA[05 0x00]]>
    </line>
    <line>
      <![CDATA[04 0x00]]>
    </line>
    <line>
      <![CDATA[03 0x00]]>
    </line>
    <line>
      <![CDATA[02 0x00]]>
    </line>
    <line>
      <![CDATA[01 0x00]]>
    </line>
    <line>
      <![CDATA[00 0x00]]>
    </line>
    <line>
      <![CDATA[SANE 80 bits positive    true]]>
    </line>
    <line>
      <![CDATA[SANE 80 bits exponent    3]]>
    </line>
    <line>
      <![CDATA[SANE 80 bits significand 1.375]]>
    </line>
    <line>
      <![CDATA[SANE  64 bits =>         11.0]]>
    </line>
    <line>
      <![CDATA[07 0x40]]>
    </line>
    <line>
      <![CDATA[06 0x28]]>
    </line>
    <line>
      <![CDATA[05 0x00]]>
    </line>
    <line>
      <![CDATA[04 0x00]]>
    </line>
    <line>
      <![CDATA[03 0x00]]>
    </line>
    <line>
      <![CDATA[02 0x00]]>
    </line>
    <line>
      <![CDATA[01 0x00]]>
    </line>
    <line>
      <![CDATA[00 0x00]]>
    </line>
    <line>
      <![CDATA[SANE 80 bits positive    true]]>
    </line>
    <line>
      <![CDATA[SANE 80 bits exponent    3]]>
    </line>
    <line>
      <![CDATA[SANE 80 bits significand 1.5]]>
    </line>
    <line>
      <![CDATA[SANE  64 bits =>         12.0]]>
    </line>
    <line>
      <![CDATA[07 0x40]]>
    </line>
    <line>
      <![CDATA[06 0x2a]]>
    </line>
    <line>
      <![CDATA[05 0x00]]>
    </line>
    <line>
      <![CDATA[04 0x00]]>
    </line>
    <line>
      <![CDATA[03 0x00]]>
    </line>
    <line>
      <![CDATA[02 0x00]]>
    </line>
    <line>
      <![CDATA[01 0x00]]>
    </line>
    <line>
      <![CDATA[00 0x00]]>
    </line>
    <line>
      <![CDATA[SANE 80 bits positive    true]]>
    </line>
    <line>
      <![CDATA[SANE 80 bits exponent    3]]>
    </line>
    <line>
      <![CDATA[SANE 80 bits significand 1.625]]>
    </line>
    <line>
      <![CDATA[SANE  64 bits =>         13.0]]>
    </line>
    <line>
      <![CDATA[07 0x40]]>
    </line>
    <line>
      <![CDATA[06 0x2c]]>
    </line>
    <line>
      <![CDATA[05 0x00]]>
    </line>
    <line>
      <![CDATA[04 0x00]]>
    </line>
    <line>
      <![CDATA[03 0x00]]>
    </line>
    <line>
      <![CDATA[02 0x00]]>
    </line>
    <line>
      <![CDATA[01 0x00]]>
    </line>
    <line>
      <![CDATA[00 0x00]]>
    </line>
    <line>
      <![CDATA[SANE 80 bits positive    true]]>
    </line>
    <line>
      <![CDATA[SANE 80 bits exponent    3]]>
    </line>
    <line>
      <![CDATA[SANE 80 bits significand 1.75]]>
    </line>
    <line>
      <![CDATA[SANE  64 bits =>         14.0]]>
    </line>
    <line>
      <![CDATA[07 0x40]]>
    </line>
    <line>
      <![CDATA[06 0x2e]]>
    </line>
    <line>
      <![CDATA[05 0x00]]>
    </line>
    <line>
      <![CDATA[04 0x00]]>
    </line>
    <line>
      <![CDATA[03 0x00]]>
    </line>
    <line>
      <![CDATA[02 0x00]]>
    </line>
    <line>
      <![CDATA[01 0x00]]>
    </line>
    <line>
      <![CDATA[00 0x00]]>
    </line>
    <line>
      <![CDATA[SANE 80 bits positive    true]]>
    </line>
    <line>
      <![CDATA[SANE 80 bits exponent    3]]>
    </line>
    <line>
      <![CDATA[SANE 80 bits significand 1.875]]>
    </line>
    <line>
      <![CDATA[SANE  64 bits =>         15.0]]>
    </line>
    <line>
      <![CDATA[07 0x40]]>
    </line>
    <line>
      <![CDATA[06 0x30]]>
    </line>
    <line>
      <![CDATA[05 0x00]]>
    </line>
    <line>
      <![CDATA[04 0x00]]>
    </line>
    <line>
      <![CDATA[03 0x00]]>
    </line>
    <line>
      <![CDATA[02 0x00]]>
    </line>
    <line>
      <![CDATA[01 0x00]]>
    </line>
    <line>
      <![CDATA[00 0x00]]>
    </line>
    <line>
      <![CDATA[SANE 80 bits positive    true]]>
    </line>
    <line>
      <![CDATA[SANE 80 bits exponent    4]]>
    </line>
    <line>
      <![CDATA[SANE 80 bits significand 1.0]]>
    </line>
    <line>
      <![CDATA[SANE  64 bits =>         16.0]]>
    </line>
    <line>
      <![CDATA[07 0x40]]>
    </line>
    <line>
      <![CDATA[06 0x31]]>
    </line>
    <line>
      <![CDATA[05 0x00]]>
    </line>
    <line>
      <![CDATA[04 0x00]]>
    </line>
    <line>
      <![CDATA[03 0x00]]>
    </line>
    <line>
      <![CDATA[02 0x00]]>
    </line>
    <line>
      <![CDATA[01 0x00]]>
    </line>
    <line>
      <![CDATA[00 0x00]]>
    </line>
    <line>
      <![CDATA[SANE 80 bits positive    true]]>
    </line>
    <line>
      <![CDATA[SANE 80 bits exponent    4]]>
    </line>
    <line>
      <![CDATA[SANE 80 bits significand 1.0625]]>
    </line>
    <line>
      <![CDATA[SANE  64 bits =>         17.0]]>
    </line>
    <line>
      <![CDATA[07 0x40]]>
    </line>
    <line>
      <![CDATA[06 0x32]]>
    </line>
    <line>
      <![CDATA[05 0x00]]>
    </line>
    <line>
      <![CDATA[04 0x00]]>
    </line>
    <line>
      <![CDATA[03 0x00]]>
    </line>
    <line>
      <![CDATA[02 0x00]]>
    </line>
    <line>
      <![CDATA[01 0x00]]>
    </line>
    <line>
      <![CDATA[00 0x00]]>
    </line>
    <line>
      <![CDATA[SANE 80 bits positive    true]]>
    </line>
    <line>
      <![CDATA[SANE 80 bits exponent    4]]>
    </line>
    <line>
      <![CDATA[SANE 80 bits significand 1.125]]>
    </line>
    <line>
      <![CDATA[SANE  64 bits =>         18.0]]>
    </line>
    <line>
      <![CDATA[07 0x40]]>
    </line>
    <line>
      <![CDATA[06 0x33]]>
    </line>
    <line>
      <![CDATA[05 0x00]]>
    </line>
    <line>
      <![CDATA[04 0x00]]>
    </line>
    <line>
      <![CDATA[03 0x00]]>
    </line>
    <line>
      <![CDATA[02 0x00]]>
    </line>
    <line>
      <![CDATA[01 0x00]]>
    </line>
    <line>
      <![CDATA[00 0x00]]>
    </line>
    <line>
      <![CDATA[SANE 80 bits positive    true]]>
    </line>
    <line>
      <![CDATA[SANE 80 bits exponent    4]]>
    </line>
    <line>
      <![CDATA[SANE 80 bits significand 1.1875]]>
    </line>
    <line>
      <![CDATA[SANE  64 bits =>         19.0]]>
    </line>
    <line>
      <![CDATA[07 0x40]]>
    </line>
    <line>
      <![CDATA[06 0x34]]>
    </line>
    <line>
      <![CDATA[05 0x00]]>
    </line>
    <line>
      <![CDATA[04 0x00]]>
    </line>
    <line>
      <![CDATA[03 0x00]]>
    </line>
    <line>
      <![CDATA[02 0x00]]>
    </line>
    <line>
      <![CDATA[01 0x00]]>
    </line>
    <line>
      <![CDATA[00 0x00]]>
    </line>
    <line>
      <![CDATA[SANE 80 bits positive    true]]>
    </line>
    <line>
      <![CDATA[SANE 80 bits exponent    4]]>
    </line>
    <line>
      <![CDATA[SANE 80 bits significand 1.25]]>
    </line>
    <line>
      <![CDATA[SANE  64 bits =>         20.0]]>
    </line>
    <line>
      <![CDATA[07 0x40]]>
    </line>
    <line>
      <![CDATA[06 0x35]]>
    </line>
    <line>
      <![CDATA[05 0x00]]>
    </line>
    <line>
      <![CDATA[04 0x00]]>
    </line>
    <line>
      <![CDATA[03 0x00]]>
    </line>
    <line>
      <![CDATA[02 0x00]]>
    </line>
    <line>
      <![CDATA[01 0x00]]>
    </line>
    <line>
      <![CDATA[00 0x00]]>
    </line>
    <line>
      <![CDATA[SANE 80 bits positive    true]]>
    </line>
    <line>
      <![CDATA[SANE 80 bits exponent    4]]>
    </line>
    <line>
      <![CDATA[SANE 80 bits significand 1.3125]]>
    </line>
    <line>
      <![CDATA[SANE  64 bits =>         21.0]]>
    </line>
    <line>
      <![CDATA[07 0x40]]>
    </line>
    <line>
      <![CDATA[06 0x36]]>
    </line>
    <line>
      <![CDATA[05 0x00]]>
    </line>
    <line>
      <![CDATA[04 0x00]]>
    </line>
    <line>
      <![CDATA[03 0x00]]>
    </line>
    <line>
      <![CDATA[02 0x00]]>
    </line>
    <line>
      <![CDATA[01 0x00]]>
    </line>
    <line>
      <![CDATA[00 0x00]]>
    </line>
    <line>
      <![CDATA[SANE 80 bits positive    true]]>
    </line>
    <line>
      <![CDATA[SANE 80 bits exponent    4]]>
    </line>
    <line>
      <![CDATA[SANE 80 bits significand 1.375]]>
    </line>
    <line>
      <![CDATA[SANE  64 bits =>         22.0]]>
    </line>
    <line>
      <![CDATA[07 0x40]]>
    </line>
    <line>
      <![CDATA[06 0x37]]>
    </line>
    <line>
      <![CDATA[05 0x00]]>
    </line>
    <line>
      <![CDATA[04 0x00]]>
    </line>
    <line>
      <![CDATA[03 0x00]]>
    </line>
    <line>
      <![CDATA[02 0x00]]>
    </line>
    <line>
      <![CDATA[01 0x00]]>
    </line>
    <line>
      <![CDATA[00 0x00]]>
    </line>
    <line>
      <![CDATA[SANE 80 bits positive    true]]>
    </line>
    <line>
      <![CDATA[SANE 80 bits exponent    4]]>
    </line>
    <line>
      <![CDATA[SANE 80 bits significand 1.4375]]>
    </line>
    <line>
      <![CDATA[SANE  64 bits =>         23.0]]>
    </line>
    <line>
      <![CDATA[07 0x40]]>
    </line>
    <line>
      <![CDATA[06 0x38]]>
    </line>
    <line>
      <![CDATA[05 0x00]]>
    </line>
    <line>
      <![CDATA[04 0x00]]>
    </line>
    <line>
      <![CDATA[03 0x00]]>
    </line>
    <line>
      <![CDATA[02 0x00]]>
    </line>
    <line>
      <![CDATA[01 0x00]]>
    </line>
    <line>
      <![CDATA[00 0x00]]>
    </line>
    <line>
      <![CDATA[SANE 80 bits positive    true]]>
    </line>
    <line>
      <![CDATA[SANE 80 bits exponent    4]]>
    </line>
    <line>
      <![CDATA[SANE 80 bits significand 1.5]]>
    </line>
    <line>
      <![CDATA[SANE  64 bits =>         24.0]]>
    </line>
    <line>
      <![CDATA[07 0x40]]>
    </line>
    <line>
      <![CDATA[06 0x39]]>
    </line>
    <line>
      <![CDATA[05 0x00]]>
    </line>
    <line>
      <![CDATA[04 0x00]]>
    </line>
    <line>
      <![CDATA[03 0x00]]>
    </line>
    <line>
      <![CDATA[02 0x00]]>
    </line>
    <line>
      <![CDATA[01 0x00]]>
    </line>
    <line>
      <![CDATA[00 0x00]]>
    </line>
    <line>
      <![CDATA[SANE 80 bits positive    true]]>
    </line>
    <line>
      <![CDATA[SANE 80 bits exponent    4]]>
    </line>
    <line>
      <![CDATA[SANE 80 bits significand 1.5625]]>
    </line>
    <line>
      <![CDATA[SANE  64 bits =>         25.0]]>
    </line>
    <line>
      <![CDATA[07 0x40]]>
    </line>
    <line>
      <![CDATA[06 0x3a]]>
    </line>
    <line>
      <![CDATA[05 0x00]]>
    </line>
    <line>
      <![CDATA[04 0x00]]>
    </line>
    <line>
      <![CDATA[03 0x00]]>
    </line>
    <line>
      <![CDATA[02 0x00]]>
    </line>
    <line>
      <![CDATA[01 0x00]]>
    </line>
    <line>
      <![CDATA[00 0x00]]>
    </line>
    <line>
      <![CDATA[SANE 80 bits positive    true]]>
    </line>
    <line>
      <![CDATA[SANE 80 bits exponent    4]]>
    </line>
    <line>
      <![CDATA[SANE 80 bits significand 1.625]]>
    </line>
    <line>
      <![CDATA[SANE  64 bits =>         26.0]]>
    </line>
    <line>
      <![CDATA[07 0x40]]>
    </line>
    <line>
      <![CDATA[06 0x3b]]>
    </line>
    <line>
      <![CDATA[05 0x00]]>
    </line>
    <line>
      <![CDATA[04 0x00]]>
    </line>
    <line>
      <![CDATA[03 0x00]]>
    </line>
    <line>
      <![CDATA[02 0x00]]>
    </line>
    <line>
      <![CDATA[01 0x00]]>
    </line>
    <line>
      <![CDATA[00 0x00]]>
    </line>
    <line>
      <![CDATA[SANE 80 bits positive    true]]>
    </line>
    <line>
      <![CDATA[SANE 80 bits exponent    4]]>
    </line>
    <line>
      <![CDATA[SANE 80 bits significand 1.6875]]>
    </line>
    <line>
      <![CDATA[SANE  64 bits =>         27.0]]>
    </line>
    <line>
      <![CDATA[07 0x40]]>
    </line>
    <line>
      <![CDATA[06 0x3c]]>
    </line>
    <line>
      <![CDATA[05 0x00]]>
    </line>
    <line>
      <![CDATA[04 0x00]]>
    </line>
    <line>
      <![CDATA[03 0x00]]>
    </line>
    <line>
      <![CDATA[02 0x00]]>
    </line>
    <line>
      <![CDATA[01 0x00]]>
    </line>
    <line>
      <![CDATA[00 0x00]]>
    </line>
    <line>
      <![CDATA[SANE 80 bits positive    true]]>
    </line>
    <line>
      <![CDATA[SANE 80 bits exponent    4]]>
    </line>
    <line>
      <![CDATA[SANE 80 bits significand 1.75]]>
    </line>
    <line>
      <![CDATA[SANE  64 bits =>         28.0]]>
    </line>
    <line>
      <![CDATA[07 0x40]]>
    </line>
    <line>
      <![CDATA[06 0x3d]]>
    </line>
    <line>
      <![CDATA[05 0x00]]>
    </line>
    <line>
      <![CDATA[04 0x00]]>
    </line>
    <line>
      <![CDATA[03 0x00]]>
    </line>
    <line>
      <![CDATA[02 0x00]]>
    </line>
    <line>
      <![CDATA[01 0x00]]>
    </line>
    <line>
      <![CDATA[00 0x00]]>
    </line>
    <line>
      <![CDATA[SANE 80 bits positive    true]]>
    </line>
    <line>
      <![CDATA[SANE 80 bits exponent    4]]>
    </line>
    <line>
      <![CDATA[SANE 80 bits significand 1.8125]]>
    </line>
    <line>
      <![CDATA[SANE  64 bits =>         29.0]]>
    </line>
    <line>
      <![CDATA[07 0x40]]>
    </line>
    <line>
      <![CDATA[06 0x3e]]>
    </line>
    <line>
      <![CDATA[05 0x00]]>
    </line>
    <line>
      <![CDATA[04 0x00]]>
    </line>
    <line>
      <![CDATA[03 0x00]]>
    </line>
    <line>
      <![CDATA[02 0x00]]>
    </line>
    <line>
      <![CDATA[01 0x00]]>
    </line>
    <line>
      <![CDATA[00 0x00]]>
    </line>
    <line>
      <![CDATA[SANE 80 bits positive    true]]>
    </line>
    <line>
      <![CDATA[SANE 80 bits exponent    4]]>
    </line>
    <line>
      <![CDATA[SANE 80 bits significand 1.875]]>
    </line>
    <line>
      <![CDATA[SANE  64 bits =>         30.0]]>
    </line>
    <line>
      <![CDATA[07 0x40]]>
    </line>
    <line>
      <![CDATA[06 0x3f]]>
    </line>
    <line>
      <![CDATA[05 0x00]]>
    </line>
    <line>
      <![CDATA[04 0x00]]>
    </line>
    <line>
      <![CDATA[03 0x00]]>
    </line>
    <line>
      <![CDATA[02 0x00]]>
    </line>
    <line>
      <![CDATA[01 0x00]]>
    </line>
    <line>
      <![CDATA[00 0x00]]>
    </line>
    <line>
      <![CDATA[SANE 80 bits positive    true]]>
    </line>
    <line>
      <![CDATA[SANE 80 bits exponent    4]]>
    </line>
    <line>
      <![CDATA[SANE 80 bits significand 1.9375]]>
    </line>
    <line>
      <![CDATA[SANE  64 bits =>         31.0]]>
    </line>
    <line>
      <![CDATA[07 0x40]]>
    </line>
    <line>
      <![CDATA[06 0x40]]>
    </line>
    <line>
      <![CDATA[05 0x00]]>
    </line>
    <line>
      <![CDATA[04 0x00]]>
    </line>
    <line>
      <![CDATA[03 0x00]]>
    </line>
    <line>
      <![CDATA[02 0x00]]>
    </line>
    <line>
      <![CDATA[01 0x00]]>
    </line>
    <line>
      <![CDATA[00 0x00]]>
    </line>
    <line>
      <![CDATA[SANE 80 bits positive    true]]>
    </line>
    <line>
      <![CDATA[SANE 80 bits exponent    5]]>
    </line>
    <line>
      <![CDATA[SANE 80 bits significand 1.0]]>
    </line>
    <line>
      <![CDATA[SANE  64 bits =>         32.0]]>
    </line>
    <line>
      <![CDATA[07 0x40]]>
    </line>
    <line>
      <![CDATA[06 0x40]]>
    </line>
    <line>
      <![CDATA[05 0x80]]>
    </line>
    <line>
      <![CDATA[04 0x00]]>
    </line>
    <line>
      <![CDATA[03 0x00]]>
    </line>
    <line>
      <![CDATA[02 0x00]]>
    </line>
    <line>
      <![CDATA[01 0x00]]>
    </line>
    <line>
      <![CDATA[00 0x00]]>
    </line>
    <line>
      <![CDATA[SANE 80 bits positive    true]]>
    </line>
    <line>
      <![CDATA[SANE 80 bits exponent    5]]>
    </line>
    <line>
      <![CDATA[SANE 80 bits significand 1.03125]]>
    </line>
    <line>
      <![CDATA[SANE  64 bits =>         33.0]]>
    </line>
    <line>
      <![CDATA[07 0x40]]>
    </line>
    <line>
      <![CDATA[06 0x41]]>
    </line>
    <line>
      <![CDATA[05 0x00]]>
    </line>
    <line>
      <![CDATA[04 0x00]]>
    </line>
    <line>
      <![CDATA[03 0x00]]>
    </line>
    <line>
      <![CDATA[02 0x00]]>
    </line>
    <line>
      <![CDATA[01 0x00]]>
    </line>
    <line>
      <![CDATA[00 0x00]]>
    </line>
    <line>
      <![CDATA[SANE 80 bits positive    true]]>
    </line>
    <line>
      <![CDATA[SANE 80 bits exponent    5]]>
    </line>
    <line>
      <![CDATA[SANE 80 bits significand 1.0625]]>
    </line>
    <line>
      <![CDATA[SANE  64 bits =>         34.0]]>
    </line>
    <line>
      <![CDATA[07 0x40]]>
    </line>
    <line>
      <![CDATA[06 0x41]]>
    </line>
    <line>
      <![CDATA[05 0x80]]>
    </line>
    <line>
      <![CDATA[04 0x00]]>
    </line>
    <line>
      <![CDATA[03 0x00]]>
    </line>
    <line>
      <![CDATA[02 0x00]]>
    </line>
    <line>
      <![CDATA[01 0x00]]>
    </line>
    <line>
      <![CDATA[00 0x00]]>
    </line>
    <line>
      <![CDATA[SANE 80 bits positive    true]]>
    </line>
    <line>
      <![CDATA[SANE 80 bits exponent    5]]>
    </line>
    <line>
      <![CDATA[SANE 80 bits significand 1.09375]]>
    </line>
    <line>
      <![CDATA[SANE  64 bits =>         35.0]]>
    </line>
    <line>
      <![CDATA[07 0x40]]>
    </line>
    <line>
      <![CDATA[06 0x42]]>
    </line>
    <line>
      <![CDATA[05 0x00]]>
    </line>
    <line>
      <![CDATA[04 0x00]]>
    </line>
    <line>
      <![CDATA[03 0x00]]>
    </line>
    <line>
      <![CDATA[02 0x00]]>
    </line>
    <line>
      <![CDATA[01 0x00]]>
    </line>
    <line>
      <![CDATA[00 0x00]]>
    </line>
    <line>
      <![CDATA[SANE 80 bits positive    true]]>
    </line>
    <line>
      <![CDATA[SANE 80 bits exponent    5]]>
    </line>
    <line>
      <![CDATA[SANE 80 bits significand 1.125]]>
    </line>
    <line>
      <![CDATA[SANE  64 bits =>         36.0]]>
    </line>
    <line>
      <![CDATA[07 0x40]]>
    </line>
    <line>
      <![CDATA[06 0x42]]>
    </line>
    <line>
      <![CDATA[05 0x80]]>
    </line>
    <line>
      <![CDATA[04 0x00]]>
    </line>
    <line>
      <![CDATA[03 0x00]]>
    </line>
    <line>
      <![CDATA[02 0x00]]>
    </line>
    <line>
      <![CDATA[01 0x00]]>
    </line>
    <line>
      <![CDATA[00 0x00]]>
    </line>
    <line>
      <![CDATA[SANE 80 bits positive    true]]>
    </line>
    <line>
      <![CDATA[SANE 80 bits exponent    5]]>
    </line>
    <line>
      <![CDATA[SANE 80 bits significand 1.15625]]>
    </line>
    <line>
      <![CDATA[SANE  64 bits =>         37.0]]>
    </line>
    <line>
      <![CDATA[07 0x40]]>
    </line>
    <line>
      <![CDATA[06 0x43]]>
    </line>
    <line>
      <![CDATA[05 0x00]]>
    </line>
    <line>
      <![CDATA[04 0x00]]>
    </line>
    <line>
      <![CDATA[03 0x00]]>
    </line>
    <line>
      <![CDATA[02 0x00]]>
    </line>
    <line>
      <![CDATA[01 0x00]]>
    </line>
    <line>
      <![CDATA[00 0x00]]>
    </line>
    <line>
      <![CDATA[SANE 80 bits positive    true]]>
    </line>
    <line>
      <![CDATA[SANE 80 bits exponent    5]]>
    </line>
    <line>
      <![CDATA[SANE 80 bits significand 1.1875]]>
    </line>
    <line>
      <![CDATA[SANE  64 bits =>         38.0]]>
    </line>
    <line>
      <![CDATA[07 0x40]]>
    </line>
    <line>
      <![CDATA[06 0x43]]>
    </line>
    <line>
      <![CDATA[05 0x80]]>
    </line>
    <line>
      <![CDATA[04 0x00]]>
    </line>
    <line>
      <![CDATA[03 0x00]]>
    </line>
    <line>
      <![CDATA[02 0x00]]>
    </line>
    <line>
      <![CDATA[01 0x00]]>
    </line>
    <line>
      <![CDATA[00 0x00]]>
    </line>
    <line>
      <![CDATA[SANE 80 bits positive    true]]>
    </line>
    <line>
      <![CDATA[SANE 80 bits exponent    5]]>
    </line>
    <line>
      <![CDATA[SANE 80 bits significand 1.21875]]>
    </line>
    <line>
      <![CDATA[SANE  64 bits =>         39.0]]>
    </line>
    <line>
      <![CDATA[07 0x40]]>
    </line>
    <line>
      <![CDATA[06 0x44]]>
    </line>
    <line>
      <![CDATA[05 0x00]]>
    </line>
    <line>
      <![CDATA[04 0x00]]>
    </line>
    <line>
      <![CDATA[03 0x00]]>
    </line>
    <line>
      <![CDATA[02 0x00]]>
    </line>
    <line>
      <![CDATA[01 0x00]]>
    </line>
    <line>
      <![CDATA[00 0x00]]>
    </line>
    <line>
      <![CDATA[SANE 80 bits positive    true]]>
    </line>
    <line>
      <![CDATA[SANE 80 bits exponent    5]]>
    </line>
    <line>
      <![CDATA[SANE 80 bits significand 1.25]]>
    </line>
    <line>
      <![CDATA[SANE  64 bits =>         40.0]]>
    </line>
    <line>
      <![CDATA[07 0x40]]>
    </line>
    <line>
      <![CDATA[06 0x44]]>
    </line>
    <line>
      <![CDATA[05 0x80]]>
    </line>
    <line>
      <![CDATA[04 0x00]]>
    </line>
    <line>
      <![CDATA[03 0x00]]>
    </line>
    <line>
      <![CDATA[02 0x00]]>
    </line>
    <line>
      <![CDATA[01 0x00]]>
    </line>
    <line>
      <![CDATA[00 0x00]]>
    </line>
    <line>
      <![CDATA[SANE 80 bits positive    true]]>
    </line>
    <line>
      <![CDATA[SANE 80 bits exponent    5]]>
    </line>
    <line>
      <![CDATA[SANE 80 bits significand 1.28125]]>
    </line>
    <line>
      <![CDATA[SANE  64 bits =>         41.0]]>
    </line>
    <line>
      <![CDATA[07 0x40]]>
    </line>
    <line>
      <![CDATA[06 0x45]]>
    </line>
    <line>
      <![CDATA[05 0x00]]>
    </line>
    <line>
      <![CDATA[04 0x00]]>
    </line>
    <line>
      <![CDATA[03 0x00]]>
    </line>
    <line>
      <![CDATA[02 0x00]]>
    </line>
    <line>
      <![CDATA[01 0x00]]>
    </line>
    <line>
      <![CDATA[00 0x00]]>
    </line>
    <line>
      <![CDATA[SANE 80 bits positive    true]]>
    </line>
    <line>
      <![CDATA[SANE 80 bits exponent    5]]>
    </line>
    <line>
      <![CDATA[SANE 80 bits significand 1.3125]]>
    </line>
    <line>
      <![CDATA[SANE  64 bits =>         42.0]]>
    </line>
    <line>
      <![CDATA[07 0x40]]>
    </line>
    <line>
      <![CDATA[06 0x45]]>
    </line>
    <line>
      <![CDATA[05 0x80]]>
    </line>
    <line>
      <![CDATA[04 0x00]]>
    </line>
    <line>
      <![CDATA[03 0x00]]>
    </line>
    <line>
      <![CDATA[02 0x00]]>
    </line>
    <line>
      <![CDATA[01 0x00]]>
    </line>
    <line>
      <![CDATA[00 0x00]]>
    </line>
    <line>
      <![CDATA[SANE 80 bits positive    true]]>
    </line>
    <line>
      <![CDATA[SANE 80 bits exponent    5]]>
    </line>
    <line>
      <![CDATA[SANE 80 bits significand 1.34375]]>
    </line>
    <line>
      <![CDATA[SANE  64 bits =>         43.0]]>
    </line>
    <line>
      <![CDATA[07 0x40]]>
    </line>
    <line>
      <![CDATA[06 0x46]]>
    </line>
    <line>
      <![CDATA[05 0x00]]>
    </line>
    <line>
      <![CDATA[04 0x00]]>
    </line>
    <line>
      <![CDATA[03 0x00]]>
    </line>
    <line>
      <![CDATA[02 0x00]]>
    </line>
    <line>
      <![CDATA[01 0x00]]>
    </line>
    <line>
      <![CDATA[00 0x00]]>
    </line>
    <line>
      <![CDATA[SANE 80 bits positive    true]]>
    </line>
    <line>
      <![CDATA[SANE 80 bits exponent    5]]>
    </line>
    <line>
      <![CDATA[SANE 80 bits significand 1.375]]>
    </line>
    <line>
      <![CDATA[SANE  64 bits =>         44.0]]>
    </line>
    <line>
      <![CDATA[07 0x40]]>
    </line>
    <line>
      <![CDATA[06 0x46]]>
    </line>
    <line>
      <![CDATA[05 0x80]]>
    </line>
    <line>
      <![CDATA[04 0x00]]>
    </line>
    <line>
      <![CDATA[03 0x00]]>
    </line>
    <line>
      <![CDATA[02 0x00]]>
    </line>
    <line>
      <![CDATA[01 0x00]]>
    </line>
    <line>
      <![CDATA[00 0x00]]>
    </line>
    <line>
      <![CDATA[SANE 80 bits positive    true]]>
    </line>
    <line>
      <![CDATA[SANE 80 bits exponent    5]]>
    </line>
    <line>
      <![CDATA[SANE 80 bits significand 1.40625]]>
    </line>
    <line>
      <![CDATA[SANE  64 bits =>         45.0]]>
    </line>
    <line>
      <![CDATA[07 0x40]]>
    </line>
    <line>
      <![CDATA[06 0x47]]>
    </line>
    <line>
      <![CDATA[05 0x00]]>
    </line>
    <line>
      <![CDATA[04 0x00]]>
    </line>
    <line>
      <![CDATA[03 0x00]]>
    </line>
    <line>
      <![CDATA[02 0x00]]>
    </line>
    <line>
      <![CDATA[01 0x00]]>
    </line>
    <line>
      <![CDATA[00 0x00]]>
    </line>
    <line>
      <![CDATA[SANE 80 bits positive    true]]>
    </line>
    <line>
      <![CDATA[SANE 80 bits exponent    5]]>
    </line>
    <line>
      <![CDATA[SANE 80 bits significand 1.4375]]>
    </line>
    <line>
      <![CDATA[SANE  64 bits =>         46.0]]>
    </line>
    <line>
      <![CDATA[07 0x40]]>
    </line>
    <line>
      <![CDATA[06 0x47]]>
    </line>
    <line>
      <![CDATA[05 0x80]]>
    </line>
    <line>
      <![CDATA[04 0x00]]>
    </line>
    <line>
      <![CDATA[03 0x00]]>
    </line>
    <line>
      <![CDATA[02 0x00]]>
    </line>
    <line>
      <![CDATA[01 0x00]]>
    </line>
    <line>
      <![CDATA[00 0x00]]>
    </line>
    <line>
      <![CDATA[SANE 80 bits positive    true]]>
    </line>
    <line>
      <![CDATA[SANE 80 bits exponent    5]]>
    </line>
    <line>
      <![CDATA[SANE 80 bits significand 1.46875]]>
    </line>
    <line>
      <![CDATA[SANE  64 bits =>         47.0]]>
    </line>
    <line>
      <![CDATA[07 0x40]]>
    </line>
    <line>
      <![CDATA[06 0x48]]>
    </line>
    <line>
      <![CDATA[05 0x00]]>
    </line>
    <line>
      <![CDATA[04 0x00]]>
    </line>
    <line>
      <![CDATA[03 0x00]]>
    </line>
    <line>
      <![CDATA[02 0x00]]>
    </line>
    <line>
      <![CDATA[01 0x00]]>
    </line>
    <line>
      <![CDATA[00 0x00]]>
    </line>
    <line>
      <![CDATA[SANE 80 bits positive    true]]>
    </line>
    <line>
      <![CDATA[SANE 80 bits exponent    5]]>
    </line>
    <line>
      <![CDATA[SANE 80 bits significand 1.5]]>
    </line>
    <line>
      <![CDATA[SANE  64 bits =>         48.0]]>
    </line>
    <line>
      <![CDATA[07 0x40]]>
    </line>
    <line>
      <![CDATA[06 0x48]]>
    </line>
    <line>
      <![CDATA[05 0x80]]>
    </line>
    <line>
      <![CDATA[04 0x00]]>
    </line>
    <line>
      <![CDATA[03 0x00]]>
    </line>
    <line>
      <![CDATA[02 0x00]]>
    </line>
    <line>
      <![CDATA[01 0x00]]>
    </line>
    <line>
      <![CDATA[00 0x00]]>
    </line>
    <line>
      <![CDATA[SANE 80 bits positive    true]]>
    </line>
    <line>
      <![CDATA[SANE 80 bits exponent    5]]>
    </line>
    <line>
      <![CDATA[SANE 80 bits significand 1.53125]]>
    </line>
    <line>
      <![CDATA[SANE  64 bits =>         49.0]]>
    </line>
    <line>
      <![CDATA[07 0x40]]>
    </line>
    <line>
      <![CDATA[06 0x49]]>
    </line>
    <line>
      <![CDATA[05 0x00]]>
    </line>
    <line>
      <![CDATA[04 0x00]]>
    </line>
    <line>
      <![CDATA[03 0x00]]>
    </line>
    <line>
      <![CDATA[02 0x00]]>
    </line>
    <line>
      <![CDATA[01 0x00]]>
    </line>
    <line>
      <![CDATA[00 0x00]]>
    </line>
    <line>
      <![CDATA[SANE 80 bits positive    true]]>
    </line>
    <line>
      <![CDATA[SANE 80 bits exponent    5]]>
    </line>
    <line>
      <![CDATA[SANE 80 bits significand 1.5625]]>
    </line>
    <line>
      <![CDATA[SANE  64 bits =>         50.0]]>
    </line>
    <line>
      <![CDATA[07 0x40]]>
    </line>
    <line>
      <![CDATA[06 0x49]]>
    </line>
    <line>
      <![CDATA[05 0x80]]>
    </line>
    <line>
      <![CDATA[04 0x00]]>
    </line>
    <line>
      <![CDATA[03 0x00]]>
    </line>
    <line>
      <![CDATA[02 0x00]]>
    </line>
    <line>
      <![CDATA[01 0x00]]>
    </line>
    <line>
      <![CDATA[00 0x00]]>
    </line>
    <line>
      <![CDATA[SANE 80 bits positive    true]]>
    </line>
    <line>
      <![CDATA[SANE 80 bits exponent    5]]>
    </line>
    <line>
      <![CDATA[SANE 80 bits significand 1.59375]]>
    </line>
    <line>
      <![CDATA[SANE  64 bits =>         51.0]]>
    </line>
    <line>
      <![CDATA[07 0x40]]>
    </line>
    <line>
      <![CDATA[06 0x4a]]>
    </line>
    <line>
      <![CDATA[05 0x00]]>
    </line>
    <line>
      <![CDATA[04 0x00]]>
    </line>
    <line>
      <![CDATA[03 0x00]]>
    </line>
    <line>
      <![CDATA[02 0x00]]>
    </line>
    <line>
      <![CDATA[01 0x00]]>
    </line>
    <line>
      <![CDATA[00 0x00]]>
    </line>
    <line>
      <![CDATA[SANE 80 bits positive    true]]>
    </line>
    <line>
      <![CDATA[SANE 80 bits exponent    5]]>
    </line>
    <line>
      <![CDATA[SANE 80 bits significand 1.625]]>
    </line>
    <line>
      <![CDATA[SANE  64 bits =>         52.0]]>
    </line>
    <line>
      <![CDATA[07 0x40]]>
    </line>
    <line>
      <![CDATA[06 0x4a]]>
    </line>
    <line>
      <![CDATA[05 0x80]]>
    </line>
    <line>
      <![CDATA[04 0x00]]>
    </line>
    <line>
      <![CDATA[03 0x00]]>
    </line>
    <line>
      <![CDATA[02 0x00]]>
    </line>
    <line>
      <![CDATA[01 0x00]]>
    </line>
    <line>
      <![CDATA[00 0x00]]>
    </line>
    <line>
      <![CDATA[SANE 80 bits positive    true]]>
    </line>
    <line>
      <![CDATA[SANE 80 bits exponent    5]]>
    </line>
    <line>
      <![CDATA[SANE 80 bits significand 1.65625]]>
    </line>
    <line>
      <![CDATA[SANE  64 bits =>         53.0]]>
    </line>
    <line>
      <![CDATA[07 0x40]]>
    </line>
    <line>
      <![CDATA[06 0x4b]]>
    </line>
    <line>
      <![CDATA[05 0x00]]>
    </line>
    <line>
      <![CDATA[04 0x00]]>
    </line>
    <line>
      <![CDATA[03 0x00]]>
    </line>
    <line>
      <![CDATA[02 0x00]]>
    </line>
    <line>
      <![CDATA[01 0x00]]>
    </line>
    <line>
      <![CDATA[00 0x00]]>
    </line>
    <line>
      <![CDATA[SANE 80 bits positive    true]]>
    </line>
    <line>
      <![CDATA[SANE 80 bits exponent    5]]>
    </line>
    <line>
      <![CDATA[SANE 80 bits significand 1.6875]]>
    </line>
    <line>
      <![CDATA[SANE  64 bits =>         54.0]]>
    </line>
    <line>
      <![CDATA[07 0x40]]>
    </line>
    <line>
      <![CDATA[06 0x4b]]>
    </line>
    <line>
      <![CDATA[05 0x80]]>
    </line>
    <line>
      <![CDATA[04 0x00]]>
    </line>
    <line>
      <![CDATA[03 0x00]]>
    </line>
    <line>
      <![CDATA[02 0x00]]>
    </line>
    <line>
      <![CDATA[01 0x00]]>
    </line>
    <line>
      <![CDATA[00 0x00]]>
    </line>
    <line>
      <![CDATA[SANE 80 bits positive    true]]>
    </line>
    <line>
      <![CDATA[SANE 80 bits exponent    5]]>
    </line>
    <line>
      <![CDATA[SANE 80 bits significand 1.71875]]>
    </line>
    <line>
      <![CDATA[SANE  64 bits =>         55.0]]>
    </line>
    <line>
      <![CDATA[07 0x40]]>
    </line>
    <line>
      <![CDATA[06 0x4c]]>
    </line>
    <line>
      <![CDATA[05 0x00]]>
    </line>
    <line>
      <![CDATA[04 0x00]]>
    </line>
    <line>
      <![CDATA[03 0x00]]>
    </line>
    <line>
      <![CDATA[02 0x00]]>
    </line>
    <line>
      <![CDATA[01 0x00]]>
    </line>
    <line>
      <![CDATA[00 0x00]]>
    </line>
    <line>
      <![CDATA[SANE 80 bits positive    true]]>
    </line>
    <line>
      <![CDATA[SANE 80 bits exponent    5]]>
    </line>
    <line>
      <![CDATA[SANE 80 bits significand 1.75]]>
    </line>
    <line>
      <![CDATA[SANE  64 bits =>         56.0]]>
    </line>
    <line>
      <![CDATA[07 0x40]]>
    </line>
    <line>
      <![CDATA[06 0x4c]]>
    </line>
    <line>
      <![CDATA[05 0x80]]>
    </line>
    <line>
      <![CDATA[04 0x00]]>
    </line>
    <line>
      <![CDATA[03 0x00]]>
    </line>
    <line>
      <![CDATA[02 0x00]]>
    </line>
    <line>
      <![CDATA[01 0x00]]>
    </line>
    <line>
      <![CDATA[00 0x00]]>
    </line>
    <line>
      <![CDATA[SANE 80 bits positive    true]]>
    </line>
    <line>
      <![CDATA[SANE 80 bits exponent    5]]>
    </line>
    <line>
      <![CDATA[SANE 80 bits significand 1.78125]]>
    </line>
    <line>
      <![CDATA[SANE  64 bits =>         57.0]]>
    </line>
    <line>
      <![CDATA[07 0x40]]>
    </line>
    <line>
      <![CDATA[06 0x4d]]>
    </line>
    <line>
      <![CDATA[05 0x00]]>
    </line>
    <line>
      <![CDATA[04 0x00]]>
    </line>
    <line>
      <![CDATA[03 0x00]]>
    </line>
    <line>
      <![CDATA[02 0x00]]>
    </line>
    <line>
      <![CDATA[01 0x00]]>
    </line>
    <line>
      <![CDATA[00 0x00]]>
    </line>
    <line>
      <![CDATA[SANE 80 bits positive    true]]>
    </line>
    <line>
      <![CDATA[SANE 80 bits exponent    5]]>
    </line>
    <line>
      <![CDATA[SANE 80 bits significand 1.8125]]>
    </line>
    <line>
      <![CDATA[SANE  64 bits =>         58.0]]>
    </line>
    <line>
      <![CDATA[07 0x40]]>
    </line>
    <line>
      <![CDATA[06 0x4d]]>
    </line>
    <line>
      <![CDATA[05 0x80]]>
    </line>
    <line>
      <![CDATA[04 0x00]]>
    </line>
    <line>
      <![CDATA[03 0x00]]>
    </line>
    <line>
      <![CDATA[02 0x00]]>
    </line>
    <line>
      <![CDATA[01 0x00]]>
    </line>
    <line>
      <![CDATA[00 0x00]]>
    </line>
    <line>
      <![CDATA[SANE 80 bits positive    true]]>
    </line>
    <line>
      <![CDATA[SANE 80 bits exponent    5]]>
    </line>
    <line>
      <![CDATA[SANE 80 bits significand 1.84375]]>
    </line>
    <line>
      <![CDATA[SANE  64 bits =>         59.0]]>
    </line>
    <line>
      <![CDATA[07 0x40]]>
    </line>
    <line>
      <![CDATA[06 0x4e]]>
    </line>
    <line>
      <![CDATA[05 0x00]]>
    </line>
    <line>
      <![CDATA[04 0x00]]>
    </line>
    <line>
      <![CDATA[03 0x00]]>
    </line>
    <line>
      <![CDATA[02 0x00]]>
    </line>
    <line>
      <![CDATA[01 0x00]]>
    </line>
    <line>
      <![CDATA[00 0x00]]>
    </line>
    <line>
      <![CDATA[SANE 80 bits positive    true]]>
    </line>
    <line>
      <![CDATA[SANE 80 bits exponent    5]]>
    </line>
    <line>
      <![CDATA[SANE 80 bits significand 1.875]]>
    </line>
    <line>
      <![CDATA[SANE  64 bits =>         60.0]]>
    </line>
    <line>
      <![CDATA[07 0x40]]>
    </line>
    <line>
      <![CDATA[06 0x4e]]>
    </line>
    <line>
      <![CDATA[05 0x80]]>
    </line>
    <line>
      <![CDATA[04 0x00]]>
    </line>
    <line>
      <![CDATA[03 0x00]]>
    </line>
    <line>
      <![CDATA[02 0x00]]>
    </line>
    <line>
      <![CDATA[01 0x00]]>
    </line>
    <line>
      <![CDATA[00 0x00]]>
    </line>
    <line>
      <![CDATA[SANE 80 bits positive    true]]>
    </line>
    <line>
      <![CDATA[SANE 80 bits exponent    5]]>
    </line>
    <line>
      <![CDATA[SANE 80 bits significand 1.90625]]>
    </line>
    <line>
      <![CDATA[SANE  64 bits =>         61.0]]>
    </line>
    <line>
      <![CDATA[07 0x40]]>
    </line>
    <line>
      <![CDATA[06 0x4f]]>
    </line>
    <line>
      <![CDATA[05 0x00]]>
    </line>
    <line>
      <![CDATA[04 0x00]]>
    </line>
    <line>
      <![CDATA[03 0x00]]>
    </line>
    <line>
      <![CDATA[02 0x00]]>
    </line>
    <line>
      <![CDATA[01 0x00]]>
    </line>
    <line>
      <![CDATA[00 0x00]]>
    </line>
    <line>
      <![CDATA[SANE 80 bits positive    true]]>
    </line>
    <line>
      <![CDATA[SANE 80 bits exponent    5]]>
    </line>
    <line>
      <![CDATA[SANE 80 bits significand 1.9375]]>
    </line>
    <line>
      <![CDATA[SANE  64 bits =>         62.0]]>
    </line>
    <line>
      <![CDATA[07 0x40]]>
    </line>
    <line>
      <![CDATA[06 0x4f]]>
    </line>
    <line>
      <![CDATA[05 0x80]]>
    </line>
    <line>
      <![CDATA[04 0x00]]>
    </line>
    <line>
      <![CDATA[03 0x00]]>
    </line>
    <line>
      <![CDATA[02 0x00]]>
    </line>
    <line>
      <![CDATA[01 0x00]]>
    </line>
    <line>
      <![CDATA[00 0x00]]>
    </line>
    <line>
      <![CDATA[SANE 80 bits positive    true]]>
    </line>
    <line>
      <![CDATA[SANE 80 bits exponent    5]]>
    </line>
    <line>
      <![CDATA[SANE 80 bits significand 1.96875]]>
    </line>
    <line>
      <![CDATA[SANE  64 bits =>         63.0]]>
    </line>
    <line>
      <![CDATA[07 0x40]]>
    </line>
    <line>
      <![CDATA[06 0x50]]>
    </line>
    <line>
      <![CDATA[05 0x00]]>
    </line>
    <line>
      <![CDATA[04 0x00]]>
    </line>
    <line>
      <![CDATA[03 0x00]]>
    </line>
    <line>
      <![CDATA[02 0x00]]>
    </line>
    <line>
      <![CDATA[01 0x00]]>
    </line>
    <line>
      <![CDATA[00 0x00]]>
    </line>
    <line>
      <![CDATA[SANE 80 bits positive    true]]>
    </line>
    <line>
      <![CDATA[SANE 80 bits exponent    6]]>
    </line>
    <line>
      <![CDATA[SANE 80 bits significand 1.0]]>
    </line>
    <line>
      <![CDATA[SANE  64 bits =>         64.0]]>
    </line>
    <line>
      <![CDATA[07 0x40]]>
    </line>
    <line>
      <![CDATA[06 0x50]]>
    </line>
    <line>
      <![CDATA[05 0x40]]>
    </line>
    <line>
      <![CDATA[04 0x00]]>
    </line>
    <line>
      <![CDATA[03 0x00]]>
    </line>
    <line>
      <![CDATA[02 0x00]]>
    </line>
    <line>
      <![CDATA[01 0x00]]>
    </line>
    <line>
      <![CDATA[00 0x00]]>
    </line>
    <line>
      <![CDATA[SANE 80 bits positive    true]]>
    </line>
    <line>
      <![CDATA[SANE 80 bits exponent    6]]>
    </line>
    <line>
      <![CDATA[SANE 80 bits significand 1.015625]]>
    </line>
    <line>
      <![CDATA[SANE  64 bits =>         65.0]]>
    </line>
    <line>
      <![CDATA[07 0x40]]>
    </line>
    <line>
      <![CDATA[06 0x50]]>
    </line>
    <line>
      <![CDATA[05 0x80]]>
    </line>
    <line>
      <![CDATA[04 0x00]]>
    </line>
    <line>
      <![CDATA[03 0x00]]>
    </line>
    <line>
      <![CDATA[02 0x00]]>
    </line>
    <line>
      <![CDATA[01 0x00]]>
    </line>
    <line>
      <![CDATA[00 0x00]]>
    </line>
    <line>
      <![CDATA[SANE 80 bits positive    true]]>
    </line>
    <line>
      <![CDATA[SANE 80 bits exponent    6]]>
    </line>
    <line>
      <![CDATA[SANE 80 bits significand 1.03125]]>
    </line>
    <line>
      <![CDATA[SANE  64 bits =>         66.0]]>
    </line>
    <line>
      <![CDATA[07 0x40]]>
    </line>
    <line>
      <![CDATA[06 0x50]]>
    </line>
    <line>
      <![CDATA[05 0xc0]]>
    </line>
    <line>
      <![CDATA[04 0x00]]>
    </line>
    <line>
      <![CDATA[03 0x00]]>
    </line>
    <line>
      <![CDATA[02 0x00]]>
    </line>
    <line>
      <![CDATA[01 0x00]]>
    </line>
    <line>
      <![CDATA[00 0x00]]>
    </line>
    <line>
      <![CDATA[SANE 80 bits positive    true]]>
    </line>
    <line>
      <![CDATA[SANE 80 bits exponent    6]]>
    </line>
    <line>
      <![CDATA[SANE 80 bits significand 1.046875]]>
    </line>
    <line>
      <![CDATA[SANE  64 bits =>         67.0]]>
    </line>
    <line>
      <![CDATA[07 0x40]]>
    </line>
    <line>
      <![CDATA[06 0x51]]>
    </line>
    <line>
      <![CDATA[05 0x00]]>
    </line>
    <line>
      <![CDATA[04 0x00]]>
    </line>
    <line>
      <![CDATA[03 0x00]]>
    </line>
    <line>
      <![CDATA[02 0x00]]>
    </line>
    <line>
      <![CDATA[01 0x00]]>
    </line>
    <line>
      <![CDATA[00 0x00]]>
    </line>
    <line>
      <![CDATA[SANE 80 bits positive    true]]>
    </line>
    <line>
      <![CDATA[SANE 80 bits exponent    6]]>
    </line>
    <line>
      <![CDATA[SANE 80 bits significand 1.0625]]>
    </line>
    <line>
      <![CDATA[SANE  64 bits =>         68.0]]>
    </line>
    <line>
      <![CDATA[07 0x40]]>
    </line>
    <line>
      <![CDATA[06 0x51]]>
    </line>
    <line>
      <![CDATA[05 0x40]]>
    </line>
    <line>
      <![CDATA[04 0x00]]>
    </line>
    <line>
      <![CDATA[03 0x00]]>
    </line>
    <line>
      <![CDATA[02 0x00]]>
    </line>
    <line>
      <![CDATA[01 0x00]]>
    </line>
    <line>
      <![CDATA[00 0x00]]>
    </line>
    <line>
      <![CDATA[SANE 80 bits positive    true]]>
    </line>
    <line>
      <![CDATA[SANE 80 bits exponent    6]]>
    </line>
    <line>
      <![CDATA[SANE 80 bits significand 1.078125]]>
    </line>
    <line>
      <![CDATA[SANE  64 bits =>         69.0]]>
    </line>
    <line>
      <![CDATA[07 0x40]]>
    </line>
    <line>
      <![CDATA[06 0x51]]>
    </line>
    <line>
      <![CDATA[05 0x80]]>
    </line>
    <line>
      <![CDATA[04 0x00]]>
    </line>
    <line>
      <![CDATA[03 0x00]]>
    </line>
    <line>
      <![CDATA[02 0x00]]>
    </line>
    <line>
      <![CDATA[01 0x00]]>
    </line>
    <line>
      <![CDATA[00 0x00]]>
    </line>
    <line>
      <![CDATA[SANE 80 bits positive    true]]>
    </line>
    <line>
      <![CDATA[SANE 80 bits exponent    6]]>
    </line>
    <line>
      <![CDATA[SANE 80 bits significand 1.09375]]>
    </line>
    <line>
      <![CDATA[SANE  64 bits =>         70.0]]>
    </line>
    <line>
      <![CDATA[07 0x40]]>
    </line>
    <line>
      <![CDATA[06 0x51]]>
    </line>
    <line>
      <![CDATA[05 0xc0]]>
    </line>
    <line>
      <![CDATA[04 0x00]]>
    </line>
    <line>
      <![CDATA[03 0x00]]>
    </line>
    <line>
      <![CDATA[02 0x00]]>
    </line>
    <line>
      <![CDATA[01 0x00]]>
    </line>
    <line>
      <![CDATA[00 0x00]]>
    </line>
    <line>
      <![CDATA[SANE 80 bits positive    true]]>
    </line>
    <line>
      <![CDATA[SANE 80 bits exponent    6]]>
    </line>
    <line>
      <![CDATA[SANE 80 bits significand 1.109375]]>
    </line>
    <line>
      <![CDATA[SANE  64 bits =>         71.0]]>
    </line>
    <line>
      <![CDATA[07 0x40]]>
    </line>
    <line>
      <![CDATA[06 0x52]]>
    </line>
    <line>
      <![CDATA[05 0x00]]>
    </line>
    <line>
      <![CDATA[04 0x00]]>
    </line>
    <line>
      <![CDATA[03 0x00]]>
    </line>
    <line>
      <![CDATA[02 0x00]]>
    </line>
    <line>
      <![CDATA[01 0x00]]>
    </line>
    <line>
      <![CDATA[00 0x00]]>
    </line>
    <line>
      <![CDATA[SANE 80 bits positive    true]]>
    </line>
    <line>
      <![CDATA[SANE 80 bits exponent    6]]>
    </line>
    <line>
      <![CDATA[SANE 80 bits significand 1.125]]>
    </line>
    <line>
      <![CDATA[SANE  64 bits =>         72.0]]>
    </line>
    <line>
      <![CDATA[07 0x40]]>
    </line>
    <line>
      <![CDATA[06 0x52]]>
    </line>
    <line>
      <![CDATA[05 0x40]]>
    </line>
    <line>
      <![CDATA[04 0x00]]>
    </line>
    <line>
      <![CDATA[03 0x00]]>
    </line>
    <line>
      <![CDATA[02 0x00]]>
    </line>
    <line>
      <![CDATA[01 0x00]]>
    </line>
    <line>
      <![CDATA[00 0x00]]>
    </line>
    <line>
      <![CDATA[SANE 80 bits positive    true]]>
    </line>
    <line>
      <![CDATA[SANE 80 bits exponent    6]]>
    </line>
    <line>
      <![CDATA[SANE 80 bits significand 1.140625]]>
    </line>
    <line>
      <![CDATA[SANE  64 bits =>         73.0]]>
    </line>
    <line>
      <![CDATA[07 0x40]]>
    </line>
    <line>
      <![CDATA[06 0x52]]>
    </line>
    <line>
      <![CDATA[05 0x80]]>
    </line>
    <line>
      <![CDATA[04 0x00]]>
    </line>
    <line>
      <![CDATA[03 0x00]]>
    </line>
    <line>
      <![CDATA[02 0x00]]>
    </line>
    <line>
      <![CDATA[01 0x00]]>
    </line>
    <line>
      <![CDATA[00 0x00]]>
    </line>
    <line>
      <![CDATA[SANE 80 bits positive    true]]>
    </line>
    <line>
      <![CDATA[SANE 80 bits exponent    6]]>
    </line>
    <line>
      <![CDATA[SANE 80 bits significand 1.15625]]>
    </line>
    <line>
      <![CDATA[SANE  64 bits =>         74.0]]>
    </line>
    <line>
      <![CDATA[07 0x40]]>
    </line>
    <line>
      <![CDATA[06 0x52]]>
    </line>
    <line>
      <![CDATA[05 0xc0]]>
    </line>
    <line>
      <![CDATA[04 0x00]]>
    </line>
    <line>
      <![CDATA[03 0x00]]>
    </line>
    <line>
      <![CDATA[02 0x00]]>
    </line>
    <line>
      <![CDATA[01 0x00]]>
    </line>
    <line>
      <![CDATA[00 0x00]]>
    </line>
    <line>
      <![CDATA[SANE 80 bits positive    true]]>
    </line>
    <line>
      <![CDATA[SANE 80 bits exponent    6]]>
    </line>
    <line>
      <![CDATA[SANE 80 bits significand 1.171875]]>
    </line>
    <line>
      <![CDATA[SANE  64 bits =>         75.0]]>
    </line>
    <line>
      <![CDATA[07 0x40]]>
    </line>
    <line>
      <![CDATA[06 0x53]]>
    </line>
    <line>
      <![CDATA[05 0x00]]>
    </line>
    <line>
      <![CDATA[04 0x00]]>
    </line>
    <line>
      <![CDATA[03 0x00]]>
    </line>
    <line>
      <![CDATA[02 0x00]]>
    </line>
    <line>
      <![CDATA[01 0x00]]>
    </line>
    <line>
      <![CDATA[00 0x00]]>
    </line>
    <line>
      <![CDATA[SANE 80 bits positive    true]]>
    </line>
    <line>
      <![CDATA[SANE 80 bits exponent    6]]>
    </line>
    <line>
      <![CDATA[SANE 80 bits significand 1.1875]]>
    </line>
    <line>
      <![CDATA[SANE  64 bits =>         76.0]]>
    </line>
    <line>
      <![CDATA[07 0x40]]>
    </line>
    <line>
      <![CDATA[06 0x53]]>
    </line>
    <line>
      <![CDATA[05 0x40]]>
    </line>
    <line>
      <![CDATA[04 0x00]]>
    </line>
    <line>
      <![CDATA[03 0x00]]>
    </line>
    <line>
      <![CDATA[02 0x00]]>
    </line>
    <line>
      <![CDATA[01 0x00]]>
    </line>
    <line>
      <![CDATA[00 0x00]]>
    </line>
    <line>
      <![CDATA[SANE 80 bits positive    true]]>
    </line>
    <line>
      <![CDATA[SANE 80 bits exponent    6]]>
    </line>
    <line>
      <![CDATA[SANE 80 bits significand 1.203125]]>
    </line>
    <line>
      <![CDATA[SANE  64 bits =>         77.0]]>
    </line>
    <line>
      <![CDATA[07 0x40]]>
    </line>
    <line>
      <![CDATA[06 0x53]]>
    </line>
    <line>
      <![CDATA[05 0x80]]>
    </line>
    <line>
      <![CDATA[04 0x00]]>
    </line>
    <line>
      <![CDATA[03 0x00]]>
    </line>
    <line>
      <![CDATA[02 0x00]]>
    </line>
    <line>
      <![CDATA[01 0x00]]>
    </line>
    <line>
      <![CDATA[00 0x00]]>
    </line>
    <line>
      <![CDATA[SANE 80 bits positive    true]]>
    </line>
    <line>
      <![CDATA[SANE 80 bits exponent    6]]>
    </line>
    <line>
      <![CDATA[SANE 80 bits significand 1.21875]]>
    </line>
    <line>
      <![CDATA[SANE  64 bits =>         78.0]]>
    </line>
    <line>
      <![CDATA[07 0x40]]>
    </line>
    <line>
      <![CDATA[06 0x53]]>
    </line>
    <line>
      <![CDATA[05 0xc0]]>
    </line>
    <line>
      <![CDATA[04 0x00]]>
    </line>
    <line>
      <![CDATA[03 0x00]]>
    </line>
    <line>
      <![CDATA[02 0x00]]>
    </line>
    <line>
      <![CDATA[01 0x00]]>
    </line>
    <line>
      <![CDATA[00 0x00]]>
    </line>
    <line>
      <![CDATA[SANE 80 bits positive    true]]>
    </line>
    <line>
      <![CDATA[SANE 80 bits exponent    6]]>
    </line>
    <line>
      <![CDATA[SANE 80 bits significand 1.234375]]>
    </line>
    <line>
      <![CDATA[SANE  64 bits =>         79.0]]>
    </line>
    <line>
      <![CDATA[07 0x40]]>
    </line>
    <line>
      <![CDATA[06 0x54]]>
    </line>
    <line>
      <![CDATA[05 0x00]]>
    </line>
    <line>
      <![CDATA[04 0x00]]>
    </line>
    <line>
      <![CDATA[03 0x00]]>
    </line>
    <line>
      <![CDATA[02 0x00]]>
    </line>
    <line>
      <![CDATA[01 0x00]]>
    </line>
    <line>
      <![CDATA[00 0x00]]>
    </line>
    <line>
      <![CDATA[SANE 80 bits positive    true]]>
    </line>
    <line>
      <![CDATA[SANE 80 bits exponent    6]]>
    </line>
    <line>
      <![CDATA[SANE 80 bits significand 1.25]]>
    </line>
    <line>
      <![CDATA[SANE  64 bits =>         80.0]]>
    </line>
    <line>
      <![CDATA[07 0x40]]>
    </line>
    <line>
      <![CDATA[06 0x54]]>
    </line>
    <line>
      <![CDATA[05 0x40]]>
    </line>
    <line>
      <![CDATA[04 0x00]]>
    </line>
    <line>
      <![CDATA[03 0x00]]>
    </line>
    <line>
      <![CDATA[02 0x00]]>
    </line>
    <line>
      <![CDATA[01 0x00]]>
    </line>
    <line>
      <![CDATA[00 0x00]]>
    </line>
    <line>
      <![CDATA[SANE 80 bits positive    true]]>
    </line>
    <line>
      <![CDATA[SANE 80 bits exponent    6]]>
    </line>
    <line>
      <![CDATA[SANE 80 bits significand 1.265625]]>
    </line>
    <line>
      <![CDATA[SANE  64 bits =>         81.0]]>
    </line>
    <line>
      <![CDATA[07 0x40]]>
    </line>
    <line>
      <![CDATA[06 0x54]]>
    </line>
    <line>
      <![CDATA[05 0x80]]>
    </line>
    <line>
      <![CDATA[04 0x00]]>
    </line>
    <line>
      <![CDATA[03 0x00]]>
    </line>
    <line>
      <![CDATA[02 0x00]]>
    </line>
    <line>
      <![CDATA[01 0x00]]>
    </line>
    <line>
      <![CDATA[00 0x00]]>
    </line>
    <line>
      <![CDATA[SANE 80 bits positive    true]]>
    </line>
    <line>
      <![CDATA[SANE 80 bits exponent    6]]>
    </line>
    <line>
      <![CDATA[SANE 80 bits significand 1.28125]]>
    </line>
    <line>
      <![CDATA[SANE  64 bits =>         82.0]]>
    </line>
    <line>
      <![CDATA[07 0x40]]>
    </line>
    <line>
      <![CDATA[06 0x54]]>
    </line>
    <line>
      <![CDATA[05 0xc0]]>
    </line>
    <line>
      <![CDATA[04 0x00]]>
    </line>
    <line>
      <![CDATA[03 0x00]]>
    </line>
    <line>
      <![CDATA[02 0x00]]>
    </line>
    <line>
      <![CDATA[01 0x00]]>
    </line>
    <line>
      <![CDATA[00 0x00]]>
    </line>
    <line>
      <![CDATA[SANE 80 bits positive    true]]>
    </line>
    <line>
      <![CDATA[SANE 80 bits exponent    6]]>
    </line>
    <line>
      <![CDATA[SANE 80 bits significand 1.296875]]>
    </line>
    <line>
      <![CDATA[SANE  64 bits =>         83.0]]>
    </line>
    <line>
      <![CDATA[07 0x40]]>
    </line>
    <line>
      <![CDATA[06 0x55]]>
    </line>
    <line>
      <![CDATA[05 0x00]]>
    </line>
    <line>
      <![CDATA[04 0x00]]>
    </line>
    <line>
      <![CDATA[03 0x00]]>
    </line>
    <line>
      <![CDATA[02 0x00]]>
    </line>
    <line>
      <![CDATA[01 0x00]]>
    </line>
    <line>
      <![CDATA[00 0x00]]>
    </line>
    <line>
      <![CDATA[SANE 80 bits positive    true]]>
    </line>
    <line>
      <![CDATA[SANE 80 bits exponent    6]]>
    </line>
    <line>
      <![CDATA[SANE 80 bits significand 1.3125]]>
    </line>
    <line>
      <![CDATA[SANE  64 bits =>         84.0]]>
    </line>
    <line>
      <![CDATA[07 0x40]]>
    </line>
    <line>
      <![CDATA[06 0x55]]>
    </line>
    <line>
      <![CDATA[05 0x40]]>
    </line>
    <line>
      <![CDATA[04 0x00]]>
    </line>
    <line>
      <![CDATA[03 0x00]]>
    </line>
    <line>
      <![CDATA[02 0x00]]>
    </line>
    <line>
      <![CDATA[01 0x00]]>
    </line>
    <line>
      <![CDATA[00 0x00]]>
    </line>
    <line>
      <![CDATA[SANE 80 bits positive    true]]>
    </line>
    <line>
      <![CDATA[SANE 80 bits exponent    6]]>
    </line>
    <line>
      <![CDATA[SANE 80 bits significand 1.328125]]>
    </line>
    <line>
      <![CDATA[SANE  64 bits =>         85.0]]>
    </line>
    <line>
      <![CDATA[07 0x40]]>
    </line>
    <line>
      <![CDATA[06 0x55]]>
    </line>
    <line>
      <![CDATA[05 0x80]]>
    </line>
    <line>
      <![CDATA[04 0x00]]>
    </line>
    <line>
      <![CDATA[03 0x00]]>
    </line>
    <line>
      <![CDATA[02 0x00]]>
    </line>
    <line>
      <![CDATA[01 0x00]]>
    </line>
    <line>
      <![CDATA[00 0x00]]>
    </line>
    <line>
      <![CDATA[SANE 80 bits positive    true]]>
    </line>
    <line>
      <![CDATA[SANE 80 bits exponent    6]]>
    </line>
    <line>
      <![CDATA[SANE 80 bits significand 1.34375]]>
    </line>
    <line>
      <![CDATA[SANE  64 bits =>         86.0]]>
    </line>
    <line>
      <![CDATA[07 0x40]]>
    </line>
    <line>
      <![CDATA[06 0x55]]>
    </line>
    <line>
      <![CDATA[05 0xc0]]>
    </line>
    <line>
      <![CDATA[04 0x00]]>
    </line>
    <line>
      <![CDATA[03 0x00]]>
    </line>
    <line>
      <![CDATA[02 0x00]]>
    </line>
    <line>
      <![CDATA[01 0x00]]>
    </line>
    <line>
      <![CDATA[00 0x00]]>
    </line>
    <line>
      <![CDATA[SANE 80 bits positive    true]]>
    </line>
    <line>
      <![CDATA[SANE 80 bits exponent    6]]>
    </line>
    <line>
      <![CDATA[SANE 80 bits significand 1.359375]]>
    </line>
    <line>
      <![CDATA[SANE  64 bits =>         87.0]]>
    </line>
    <line>
      <![CDATA[07 0x40]]>
    </line>
    <line>
      <![CDATA[06 0x56]]>
    </line>
    <line>
      <![CDATA[05 0x00]]>
    </line>
    <line>
      <![CDATA[04 0x00]]>
    </line>
    <line>
      <![CDATA[03 0x00]]>
    </line>
    <line>
      <![CDATA[02 0x00]]>
    </line>
    <line>
      <![CDATA[01 0x00]]>
    </line>
    <line>
      <![CDATA[00 0x00]]>
    </line>
    <line>
      <![CDATA[SANE 80 bits positive    true]]>
    </line>
    <line>
      <![CDATA[SANE 80 bits exponent    6]]>
    </line>
    <line>
      <![CDATA[SANE 80 bits significand 1.375]]>
    </line>
    <line>
      <![CDATA[SANE  64 bits =>         88.0]]>
    </line>
    <line>
      <![CDATA[07 0x40]]>
    </line>
    <line>
      <![CDATA[06 0x56]]>
    </line>
    <line>
      <![CDATA[05 0x40]]>
    </line>
    <line>
      <![CDATA[04 0x00]]>
    </line>
    <line>
      <![CDATA[03 0x00]]>
    </line>
    <line>
      <![CDATA[02 0x00]]>
    </line>
    <line>
      <![CDATA[01 0x00]]>
    </line>
    <line>
      <![CDATA[00 0x00]]>
    </line>
    <line>
      <![CDATA[SANE 80 bits positive    true]]>
    </line>
    <line>
      <![CDATA[SANE 80 bits exponent    6]]>
    </line>
    <line>
      <![CDATA[SANE 80 bits significand 1.390625]]>
    </line>
    <line>
      <![CDATA[SANE  64 bits =>         89.0]]>
    </line>
    <line>
      <![CDATA[07 0x40]]>
    </line>
    <line>
      <![CDATA[06 0x56]]>
    </line>
    <line>
      <![CDATA[05 0x80]]>
    </line>
    <line>
      <![CDATA[04 0x00]]>
    </line>
    <line>
      <![CDATA[03 0x00]]>
    </line>
    <line>
      <![CDATA[02 0x00]]>
    </line>
    <line>
      <![CDATA[01 0x00]]>
    </line>
    <line>
      <![CDATA[00 0x00]]>
    </line>
    <line>
      <![CDATA[SANE 80 bits positive    true]]>
    </line>
    <line>
      <![CDATA[SANE 80 bits exponent    6]]>
    </line>
    <line>
      <![CDATA[SANE 80 bits significand 1.40625]]>
    </line>
    <line>
      <![CDATA[SANE  64 bits =>         90.0]]>
    </line>
    <line>
      <![CDATA[07 0x40]]>
    </line>
    <line>
      <![CDATA[06 0x56]]>
    </line>
    <line>
      <![CDATA[05 0xc0]]>
    </line>
    <line>
      <![CDATA[04 0x00]]>
    </line>
    <line>
      <![CDATA[03 0x00]]>
    </line>
    <line>
      <![CDATA[02 0x00]]>
    </line>
    <line>
      <![CDATA[01 0x00]]>
    </line>
    <line>
      <![CDATA[00 0x00]]>
    </line>
    <line>
      <![CDATA[SANE 80 bits positive    true]]>
    </line>
    <line>
      <![CDATA[SANE 80 bits exponent    6]]>
    </line>
    <line>
      <![CDATA[SANE 80 bits significand 1.421875]]>
    </line>
    <line>
      <![CDATA[SANE  64 bits =>         91.0]]>
    </line>
    <line>
      <![CDATA[07 0x40]]>
    </line>
    <line>
      <![CDATA[06 0x57]]>
    </line>
    <line>
      <![CDATA[05 0x00]]>
    </line>
    <line>
      <![CDATA[04 0x00]]>
    </line>
    <line>
      <![CDATA[03 0x00]]>
    </line>
    <line>
      <![CDATA[02 0x00]]>
    </line>
    <line>
      <![CDATA[01 0x00]]>
    </line>
    <line>
      <![CDATA[00 0x00]]>
    </line>
    <line>
      <![CDATA[SANE 80 bits positive    true]]>
    </line>
[...]
    </line>
    <line>
      <![CDATA[05 0x00]]>
    </line>
    <line>
      <![CDATA[04 0x00]]>
    </line>
    <line>
      <![CDATA[03 0x00]]>
    </line>
    <line>
      <![CDATA[02 0x00]]>
    </line>
    <line>
      <![CDATA[01 0x00]]>
    </line>
    <line>
      <![CDATA[00 0x00]]>
    </line>
    <line>
      <![CDATA[09 0xc0]]>
    </line>
    <line>
      <![CDATA[08 0x0e]]>
    </line>
    <line>
      <![CDATA[07 0xbb]]>
    </line>
    <line>
      <![CDATA[06 0x80]]>
    </line>
    <line>
      <![CDATA[05 0x00]]>
    </line>
    <line>
      <![CDATA[04 0x00]]>
    </line>
    <line>
      <![CDATA[03 0x00]]>
    </line>
    <line>
      <![CDATA[02 0x00]]>
    </line>
    <line>
      <![CDATA[01 0x00]]>
    </line>
    <line>
      <![CDATA[00 0x00]]>
    </line>
    <line>
      <![CDATA[09 0xff]]>
    </line>
    <line>
      <![CDATA[08 0xff]]>
    </line>
    <line>
      <![CDATA[07 0x00]]>
    </line>
    <line>
      <![CDATA[06 0x00]]>
    </line>
    <line>
      <![CDATA[05 0x00]]>
    </line>
    <line>
      <![CDATA[04 0x00]]>
    </line>
    <line>
      <![CDATA[03 0x00]]>
    </line>
    <line>
      <![CDATA[02 0x00]]>
    </line>
    <line>
      <![CDATA[01 0x00]]>
    </line>
    <line>
      <![CDATA[00 0x00]]>
    </line>
    <line>
      <![CDATA[09 0x3f]]>
    </line>
    <line>
      <![CDATA[08 0xff]]>
    </line>
    <line>
      <![CDATA[07 0x80]]>
    </line>
    <line>
      <![CDATA[06 0x00]]>
    </line>
    <line>
      <![CDATA[05 0x00]]>
    </line>
    <line>
      <![CDATA[04 0x00]]>
    </line>
    <line>
      <![CDATA[03 0x00]]>
    </line>
    <line>
      <![CDATA[02 0x00]]>
    </line>
    <line>
      <![CDATA[01 0x00]]>
    </line>
    <line>
      <![CDATA[00 0x00]]>
    </line>
    <line>
      <![CDATA[09 0x40]]>
    </line>
    <line>
      <![CDATA[08 0x0c]]>
    </line>
    <line>
      <![CDATA[07 0xad]]>
    </line>
    <line>
      <![CDATA[06 0xdc]]>
    </line>
    <line>
      <![CDATA[05 0x00]]>
    </line>
    <line>
      <![CDATA[04 0x00]]>
    </line>
    <line>
      <![CDATA[03 0x00]]>
    </line>
    <line>
      <![CDATA[02 0x00]]>
    </line>
    <line>
      <![CDATA[01 0x00]]>
    </line>
    <line>
      <![CDATA[00 0x00]]>
    </line>
  </reporter-output>
  <suite name="Suite" duration-ms="148" started-at="2012-03-03T11:01:33Z" finished-at="2012-03-03T11:01:34Z">
    <groups>
    </groups>
    <test name="Test" duration-ms="148" started-at="2012-03-03T11:01:33Z" finished-at="2012-03-03T11:01:34Z">
      <class name="org.sane80bits.converter.saneExtendedPrecision.tests.TestDoubleToSane80BitsByteArray">
        <test-method status="PASS" signature="double0point1toByteArray()[pri:0, instance:org.sane80bits.converter.saneExtendedPrecision.tests.TestDoubleToSane80BitsByteArray@6d3f7281]" name="double0point1toByteArray" duration-ms="1" started-at="2012-03-03T11:01:34Z" description="double 0.1 to sane80bits byte array" finished-at="2012-03-03T11:01:34Z">
        </test-method>
        <test-method status="PASS" signature="double11127toSane80bitsByteArray()[pri:0, instance:org.sane80bits.converter.saneExtendedPrecision.tests.TestDoubleToSane80BitsByteArray@6d3f7281]" name="double11127toSane80bitsByteArray" duration-ms="1" started-at="2012-03-03T11:01:34Z" description="double -11127 to sane80bits byte array" finished-at="2012-03-03T11:01:34Z">
        </test-method>
        <test-method status="PASS" signature="double1point5toByteArray()[pri:0, instance:org.sane80bits.converter.saneExtendedPrecision.tests.TestDoubleToSane80BitsByteArray@6d3f7281]" name="double1point5toByteArray" duration-ms="1" started-at="2012-03-03T11:01:34Z" description="double 1.5 to sane80bits byte array" finished-at="2012-03-03T11:01:34Z">
        </test-method>
        <test-method status="PASS" signature="double2toByteArray()[pri:0, instance:org.sane80bits.converter.saneExtendedPrecision.tests.TestDoubleToSane80BitsByteArray@6d3f7281]" name="double2toByteArray" duration-ms="1" started-at="2012-03-03T11:01:34Z" description="double 2 to sane80bits byte array" finished-at="2012-03-03T11:01:34Z">
        </test-method>
        <test-method status="PASS" signature="double48000toSane80bitsByteArray()[pri:0, instance:org.sane80bits.converter.saneExtendedPrecision.tests.TestDoubleToSane80BitsByteArray@6d3f7281]" name="double48000toSane80bitsByteArray" duration-ms="1" started-at="2012-03-03T11:01:34Z" description="double 48000 to sane80bits byte array" finished-at="2012-03-03T11:01:34Z">
        </test-method>
        <test-method status="PASS" signature="double8000toByteArray()[pri:0, instance:org.sane80bits.converter.saneExtendedPrecision.tests.TestDoubleToSane80BitsByteArray@6d3f7281]" name="double8000toByteArray" duration-ms="1" started-at="2012-03-03T11:01:34Z" description="double 8000 to sane80bits byte array" finished-at="2012-03-03T11:01:34Z">
        </test-method>
        <test-method status="PASS" signature="doubleHalfToSane80bitsByteArray()[pri:0, instance:org.sane80bits.converter.saneExtendedPrecision.tests.TestDoubleToSane80BitsByteArray@6d3f7281]" name="doubleHalfToSane80bitsByteArray" duration-ms="1" started-at="2012-03-03T11:01:34Z" description="double 0.5 to sane80bits byte array" finished-at="2012-03-03T11:01:34Z">
        </test-method>
        <test-method status="PASS" signature="doubleInfinityToSane80bitsByteArray()[pri:0, instance:org.sane80bits.converter.saneExtendedPrecision.tests.TestDoubleToSane80BitsByteArray@6d3f7281]" name="doubleInfinityToSane80bitsByteArray" duration-ms="1" started-at="2012-03-03T11:01:34Z" description="double poitive infinity to sane80bits byte array" finished-at="2012-03-03T11:01:34Z">
        </test-method>
        <test-method status="PASS" signature="doubleMinus1toByteArray()[pri:0, instance:org.sane80bits.converter.saneExtendedPrecision.tests.TestDoubleToSane80BitsByteArray@6d3f7281]" name="doubleMinus1toByteArray" duration-ms="1" started-at="2012-03-03T11:01:34Z" description="double -1 to sane80bits byte array" finished-at="2012-03-03T11:01:34Z">
        </test-method>
        <test-method status="PASS" signature="doubleNaNtoSane80bitsByteArray()[pri:0, instance:org.sane80bits.converter.saneExtendedPrecision.tests.TestDoubleToSane80BitsByteArray@6d3f7281]" name="doubleNaNtoSane80bitsByteArray" duration-ms="1" started-at="2012-03-03T11:01:34Z" description="double NaN to sane80bits byte array" finished-at="2012-03-03T11:01:34Z">
        </test-method>
        <test-method status="PASS" signature="doubleNegative48000toSane80bitsByteArray()[pri:0, instance:org.sane80bits.converter.saneExtendedPrecision.tests.TestDoubleToSane80BitsByteArray@6d3f7281]" name="doubleNegative48000toSane80bitsByteArray" duration-ms="1" started-at="2012-03-03T11:01:34Z" description="double 48000 to sane80bits byte array" finished-at="2012-03-03T11:01:34Z">
        </test-method>
        <test-method status="PASS" signature="doubleNegativeInfinityToSane80bitsByteArray()[pri:0, instance:org.sane80bits.converter.saneExtendedPrecision.tests.TestDoubleToSane80BitsByteArray@6d3f7281]" name="doubleNegativeInfinityToSane80bitsByteArray" duration-ms="1" started-at="2012-03-03T11:01:34Z" description="double negative infinity to sane80bits byte array" finished-at="2012-03-03T11:01:34Z">
        </test-method>
        <test-method status="PASS" signature="doubleOneToSane80bitsByteArray()[pri:0, instance:org.sane80bits.converter.saneExtendedPrecision.tests.TestDoubleToSane80BitsByteArray@6d3f7281]" name="doubleOneToSane80bitsByteArray" duration-ms="0" started-at="2012-03-03T11:01:34Z" description="double 1 to sane80bits byte array" finished-at="2012-03-03T11:01:34Z">
        </test-method>
        <test-method status="PASS" signature="doubleTo11127toSane80bitsByteArray()[pri:0, instance:org.sane80bits.converter.saneExtendedPrecision.tests.TestDoubleToSane80BitsByteArray@6d3f7281]" name="doubleTo11127toSane80bitsByteArray" duration-ms="1" started-at="2012-03-03T11:01:34Z" description="double 11127 to sane80bits byte array" finished-at="2012-03-03T11:01:34Z">
        </test-method>
      </class>
      <class name="org.sane80bits.converter.saneExtendedPrecision.tests.TestNullConversion64bits">
        <test-method status="PASS" signature="nullConversion64bits0()[pri:0, instance:org.sane80bits.converter.saneExtendedPrecision.tests.TestNullConversion64bits@6076ab2f]" name="nullConversion64bits0" duration-ms="1" started-at="2012-03-03T11:01:34Z" description="null conversion 0 to double" finished-at="2012-03-03T11:01:34Z">
        </test-method>
        <test-method status="PASS" signature="nullConversion64bits0point1()[pri:0, instance:org.sane80bits.converter.saneExtendedPrecision.tests.TestNullConversion64bits@6076ab2f]" name="nullConversion64bits0point1" duration-ms="1" started-at="2012-03-03T11:01:34Z" description="null conversion 0.1 to double" finished-at="2012-03-03T11:01:34Z">
        </test-method>
        <test-method status="PASS" signature="nullConversion64bits1()[pri:0, instance:org.sane80bits.converter.saneExtendedPrecision.tests.TestNullConversion64bits@6076ab2f]" name="nullConversion64bits1" duration-ms="1" started-at="2012-03-03T11:01:34Z" description="null conversion 1 to double" finished-at="2012-03-03T11:01:34Z">
        </test-method>
        <test-method status="PASS" signature="nullConversion64bits1to100()[pri:0, instance:org.sane80bits.converter.saneExtendedPrecision.tests.TestNullConversion64bits@6076ab2f]" name="nullConversion64bits1to100" duration-ms="72" started-at="2012-03-03T11:01:34Z" description="null conversion fro; 1 to 100 to double" finished-at="2012-03-03T11:01:34Z">
        </test-method>
        <test-method status="PASS" signature="nullConversion64bits16()[pri:0, instance:org.sane80bits.converter.saneExtendedPrecision.tests.TestNullConversion64bits@6076ab2f]" name="nullConversion64bits16" duration-ms="0" started-at="2012-03-03T11:01:34Z" description="null conversion 16 to double" finished-at="2012-03-03T11:01:34Z">
        </test-method>
        <test-method status="PASS" signature="nullConversion64bits3()[pri:0, instance:org.sane80bits.converter.saneExtendedPrecision.tests.TestNullConversion64bits@6076ab2f]" name="nullConversion64bits3" duration-ms="1" started-at="2012-03-03T11:01:34Z" description="null conversion 3 to double" finished-at="2012-03-03T11:01:34Z">
        </test-method>
        <test-method status="PASS" signature="nullConversion64bits2()[pri:0, instance:org.sane80bits.converter.saneExtendedPrecision.tests.TestNullConversion64bits@6076ab2f]" name="nullConversion64bits2" duration-ms="0" started-at="2012-03-03T11:01:34Z" description="null conversion -22255 to double" finished-at="2012-03-03T11:01:34Z">
        </test-method>
        <test-method status="PASS" signature="nullConversion64bits4()[pri:0, instance:org.sane80bits.converter.saneExtendedPrecision.tests.TestNullConversion64bits@6076ab2f]" name="nullConversion64bits4" duration-ms="0" started-at="2012-03-03T11:01:34Z" description="null conversion 4 to double" finished-at="2012-03-03T11:01:34Z">
        </test-method>
        <test-method status="PASS" signature="nullConversion64bitsNaN()[pri:0, instance:org.sane80bits.converter.saneExtendedPrecision.tests.TestNullConversion64bits@6076ab2f]" name="nullConversion64bitsNaN" duration-ms="0" started-at="2012-03-03T11:01:34Z" description="null conversion NaN to double" finished-at="2012-03-03T11:01:34Z">
        </test-method>
        <test-method status="PASS" signature="nullConversion64bitsPI()[pri:0, instance:org.sane80bits.converter.saneExtendedPrecision.tests.TestNullConversion64bits@6076ab2f]" name="nullConversion64bitsPI" duration-ms="1" started-at="2012-03-03T11:01:34Z" description="null conversion PI to double" finished-at="2012-03-03T11:01:34Z">
        </test-method>
      </class>
      <class name="org.sane80bits.converter.saneExtendedPrecision.tests.TestSane80bitsByteArrayToDouble">
        <test-method status="PASS" signature="sane80bits2toSane80bitsDouble()[pri:0, instance:org.sane80bits.converter.saneExtendedPrecision.tests.TestSane80bitsByteArrayToDouble@669980d5]" name="sane80bits2toSane80bitsDouble" duration-ms="14" started-at="2012-03-03T11:01:33Z" description="byte array sane80bits 2.0 to double" finished-at="2012-03-03T11:01:33Z">
        </test-method>
        <test-method status="PASS" signature="sane80bitsByteArayThreeQuarterToDouble()[pri:0, instance:org.sane80bits.converter.saneExtendedPrecision.tests.TestSane80bitsByteArrayToDouble@669980d5]" name="sane80bitsByteArayThreeQuarterToDouble" duration-ms="1" started-at="2012-03-03T11:01:33Z" description="byte array sane80bits 3/4 to double" finished-at="2012-03-03T11:01:33Z">
        </test-method>
        <test-method status="PASS" signature="sane80bitsByteArray11127toBinaryString()[pri:0, instance:org.sane80bits.converter.saneExtendedPrecision.tests.TestSane80bitsByteArrayToDouble@669980d5]" name="sane80bitsByteArray11127toBinaryString" duration-ms="2" started-at="2012-03-03T11:01:33Z" description="byte array sane80bits 22255 to binary string" finished-at="2012-03-03T11:01:33Z">
        </test-method>
        <test-method status="PASS" signature="sane80bitsByteArray11127toDouble()[pri:0, instance:org.sane80bits.converter.saneExtendedPrecision.tests.TestSane80bitsByteArrayToDouble@669980d5]" name="sane80bitsByteArray11127toDouble" duration-ms="1" started-at="2012-03-03T11:01:33Z" description="byte array sane80bits 11127 to double" finished-at="2012-03-03T11:01:33Z">
        </test-method>
        <test-method status="PASS" signature="sane80bitsByteArray1ToDouble()[pri:0, instance:org.sane80bits.converter.saneExtendedPrecision.tests.TestSane80bitsByteArrayToDouble@669980d5]" name="sane80bitsByteArray1ToDouble" duration-ms="1" started-at="2012-03-03T11:01:33Z" description="byte array 80bits one to double" finished-at="2012-03-03T11:01:33Z">
        </test-method>
        <test-method status="PASS" signature="sane80bitsByteArray22255toDouble()[pri:0, instance:org.sane80bits.converter.saneExtendedPrecision.tests.TestSane80bitsByteArrayToDouble@669980d5]" name="sane80bitsByteArray22255toDouble" duration-ms="2" started-at="2012-03-03T11:01:33Z" description="byte array sane80bits 22255 to double" finished-at="2012-03-03T11:01:33Z">
        </test-method>
        <test-method status="PASS" signature="sane80bitsByteArray32000toDouble()[pri:0, instance:org.sane80bits.converter.saneExtendedPrecision.tests.TestSane80bitsByteArrayToDouble@669980d5]" name="sane80bitsByteArray32000toDouble" duration-ms="1" started-at="2012-03-03T11:01:33Z" description="byte array sane80bits 32000 to double" finished-at="2012-03-03T11:01:33Z">
        </test-method>
        <test-method status="PASS" signature="sane80bitsByteArray44100toDouble()[pri:0, instance:org.sane80bits.converter.saneExtendedPrecision.tests.TestSane80bitsByteArrayToDouble@669980d5]" name="sane80bitsByteArray44100toDouble" duration-ms="2" started-at="2012-03-03T11:01:33Z" description="byte array sane80bits 44100 to double" finished-at="2012-03-03T11:01:33Z">
        </test-method>
        <test-method status="PASS" signature="sane80bitsByteArray48000toDouble()[pri:0, instance:org.sane80bits.converter.saneExtendedPrecision.tests.TestSane80bitsByteArrayToDouble@669980d5]" name="sane80bitsByteArray48000toDouble" duration-ms="2" started-at="2012-03-03T11:01:33Z" description="byte array sane80bits 48000 to double" finished-at="2012-03-03T11:01:33Z">
        </test-method>
        <test-method status="PASS" signature="sane80bitsByteArray8000toDouble()[pri:0, instance:org.sane80bits.converter.saneExtendedPrecision.tests.TestSane80bitsByteArrayToDouble@669980d5]" name="sane80bitsByteArray8000toDouble" duration-ms="1" started-at="2012-03-03T11:01:33Z" description="byte array sane80bits 8000 to double" finished-at="2012-03-03T11:01:33Z">
        </test-method>
        <test-method status="PASS" signature="sane80bitsByteArrayHalftoDouble()[pri:0, instance:org.sane80bits.converter.saneExtendedPrecision.tests.TestSane80bitsByteArrayToDouble@669980d5]" name="sane80bitsByteArrayHalftoDouble" duration-ms="1" started-at="2012-03-03T11:01:33Z" description="byte array sane80bits 0.5 to double" finished-at="2012-03-03T11:01:33Z">
        </test-method>
        <test-method status="PASS" signature="sane80bitsByteArrayInfinityToDouble()[pri:0, instance:org.sane80bits.converter.saneExtendedPrecision.tests.TestSane80bitsByteArrayToDouble@669980d5]" name="sane80bitsByteArrayInfinityToDouble" duration-ms="1" started-at="2012-03-03T11:01:33Z" description="byte array 80bits infinity to double" finished-at="2012-03-03T11:01:33Z">
        </test-method>
        <test-method status="PASS" signature="sane80bitsByteArrayMinus11127toBinaryString()[pri:0, instance:org.sane80bits.converter.saneExtendedPrecision.tests.TestSane80bitsByteArrayToDouble@669980d5]" name="sane80bitsByteArrayMinus11127toBinaryString" duration-ms="2" started-at="2012-03-03T11:01:33Z" description="byte array sane80bits 11127 to binary string" finished-at="2012-03-03T11:01:33Z">
        </test-method>
        <test-method status="PASS" signature="sane80bitsByteArrayMinus1toDouble()[pri:0, instance:org.sane80bits.converter.saneExtendedPrecision.tests.TestSane80bitsByteArrayToDouble@669980d5]" name="sane80bitsByteArrayMinus1toDouble" duration-ms="1" started-at="2012-03-03T11:01:33Z" description="byte array sane80bits -1.0 to double" finished-at="2012-03-03T11:01:33Z">
        </test-method>
        <test-method status="PASS" signature="sane80bitsByteArrayMinus22255()[pri:0, instance:org.sane80bits.converter.saneExtendedPrecision.tests.TestSane80bitsByteArrayToDouble@669980d5]" name="sane80bitsByteArrayMinus22255" duration-ms="2" started-at="2012-03-03T11:01:33Z" description="byte array sane80bits -22255 to double" finished-at="2012-03-03T11:01:33Z">
        </test-method>
        <test-method status="PASS" signature="sane80bitsByteArrayMinusInfinityToDouble()[pri:0, instance:org.sane80bits.converter.saneExtendedPrecision.tests.TestSane80bitsByteArrayToDouble@669980d5]" name="sane80bitsByteArrayMinusInfinityToDouble" duration-ms="1" started-at="2012-03-03T11:01:33Z" description="byte array 80bits negative infintiy to double" finished-at="2012-03-03T11:01:33Z">
        </test-method>
        <test-method status="PASS" signature="sane80bitsByteArrayNegativeNotaNumberToDouble()[pri:0, instance:org.sane80bits.converter.saneExtendedPrecision.tests.TestSane80bitsByteArrayToDouble@669980d5]" name="sane80bitsByteArrayNegativeNotaNumberToDouble" duration-ms="2" started-at="2012-03-03T11:01:33Z" description="byte array 80bits negative NaN to double" finished-at="2012-03-03T11:01:33Z">
        </test-method>
        <test-method status="PASS" signature="sane80bitsByteArrayNegativeZeroToDouble()[pri:0, instance:org.sane80bits.converter.saneExtendedPrecision.tests.TestSane80bitsByteArrayToDouble@669980d5]" name="sane80bitsByteArrayNegativeZeroToDouble" duration-ms="1" started-at="2012-03-03T11:01:33Z" description="byte array 80bits negative zero to double" finished-at="2012-03-03T11:01:33Z">
        </test-method>
        <test-method status="PASS" signature="sane80bitsByteArrayNotaNumberToDouble()[pri:0, instance:org.sane80bits.converter.saneExtendedPrecision.tests.TestSane80bitsByteArrayToDouble@669980d5]" name="sane80bitsByteArrayNotaNumberToDouble" duration-ms="1" started-at="2012-03-03T11:01:33Z" description="byte array 80bits NaN to double" finished-at="2012-03-03T11:01:34Z">
        </test-method>
        <test-method status="PASS" signature="sane80bitsByteArrayPositiveZeroToDouble()[pri:0, instance:org.sane80bits.converter.saneExtendedPrecision.tests.TestSane80bitsByteArrayToDouble@669980d5]" name="sane80bitsByteArrayPositiveZeroToDouble" duration-ms="1" started-at="2012-03-03T11:01:34Z" description="byte array 80bits zero to double" finished-at="2012-03-03T11:01:34Z">
        </test-method>
      </class>
    </test>
  </suite>
</testng-results>
